Unity Editor version:    2022.3.18f1 (d29bea25151d)
Branch:                  2022.3/release
Build type:              Release
Batch mode:              YES
macOS version:           Version 14.1.1 (Build 23B81)
Darwin version:          23.1.0
Architecture:            arm64
Running under Rosetta:   NO
Available memory:        16384 MB
Using pre-set license
Pro License: YES

COMMAND LINE ARGUMENTS:
/Applications/Unity/Hub/Editor/2022.3.18f1/Unity.app/Contents/MacOS/Unity
-adb2
-batchMode
-noUpm
-name
AssetImportWorker1
-projectPath
/Users/ethanwaldo/rave in a box
-logFile
Logs/AssetImportWorker1.log
-srvPort
51280
Successfully changed project path to: /Users/ethanwaldo/rave in a box
/Users/ethanwaldo/rave in a box
[UnityMemory] Configuration Parameters - Can be set up in boot.config
    "memorysetup-bucket-allocator-granularity=16"
    "memorysetup-bucket-allocator-bucket-count=8"
    "memorysetup-bucket-allocator-block-size=33554432"
    "memorysetup-bucket-allocator-block-count=8"
    "memorysetup-main-allocator-block-size=16777216"
    "memorysetup-thread-allocator-block-size=16777216"
    "memorysetup-gfx-main-allocator-block-size=16777216"
    "memorysetup-gfx-thread-allocator-block-size=16777216"
    "memorysetup-cache-allocator-block-size=4194304"
    "memorysetup-typetree-allocator-block-size=2097152"
    "memorysetup-profiler-bucket-allocator-granularity=16"
    "memorysetup-profiler-bucket-allocator-bucket-count=8"
    "memorysetup-profiler-bucket-allocator-block-size=33554432"
    "memorysetup-profiler-bucket-allocator-block-count=8"
    "memorysetup-profiler-allocator-block-size=16777216"
    "memorysetup-profiler-editor-allocator-block-size=1048576"
    "memorysetup-temp-allocator-size-main=16777216"
    "memorysetup-job-temp-allocator-block-size=2097152"
    "memorysetup-job-temp-allocator-block-size-background=1048576"
    "memorysetup-job-temp-allocator-reduction-small-platforms=262144"
    "memorysetup-allocator-temp-initial-block-size-main=262144"
    "memorysetup-allocator-temp-initial-block-size-worker=262144"
    "memorysetup-temp-allocator-size-background-worker=32768"
    "memorysetup-temp-allocator-size-job-worker=262144"
    "memorysetup-temp-allocator-size-preload-manager=33554432"
    "memorysetup-temp-allocator-size-nav-mesh-worker=65536"
    "memorysetup-temp-allocator-size-audio-worker=65536"
    "memorysetup-temp-allocator-size-cloud-worker=32768"
    "memorysetup-temp-allocator-size-gi-baking-worker=262144"
    "memorysetup-temp-allocator-size-gfx=262144"
Player connection [7893343936] Host "[IP] 10.29.157.195 [Port] 0 [Flags] 2 [Guid] 1198613218 [EditorId] 1198613218 [Version] 1048832 [Id] OSXEditor(0,ethanwaldo.local) [Debug] 1 [PackageName] OSXEditor [ProjectName] Editor" joined multi-casting on [225.0.0.222:54997]...

Player connection [7893343936] Host "[IP] 10.29.157.195 [Port] 0 [Flags] 2 [Guid] 1198613218 [EditorId] 1198613218 [Version] 1048832 [Id] OSXEditor(0,ethanwaldo.local) [Debug] 1 [PackageName] OSXEditor [ProjectName] Editor" joined alternative multi-casting on [225.0.0.222:34997]...

[Physics::Module] Initialized MultithreadedJobDispatcher with 7 workers.
Refreshing native plugins compatible for Editor in 14.24 ms, found 11 plugins.
Preloading 1 native plugins for Editor in 3.48 ms.
Initialize engine version: 2022.3.18f1 (d29bea25151d)
[Subsystems] Discovering subsystems at path /Applications/Unity/Hub/Editor/2022.3.18f1/Unity.app/Contents/Resources/UnitySubsystems
[Subsystems] Discovering subsystems at path /Users/ethanwaldo/rave in a box/Assets
GfxDevice: creating device client; threaded=0; jobified=0
 preferred device: Apple M1 (high power)
Metal devices available: 1
0: Apple M1 (high power)
Using device Apple M1 (high power)
Initializing Metal device caps: Apple M1
Initialize mono
Mono path[0] = '/Applications/Unity/Hub/Editor/2022.3.18f1/Unity.app/Contents/Managed'
Mono path[1] = '/Applications/Unity/Hub/Editor/2022.3.18f1/Unity.app/Contents/MonoBleedingEdge/lib/mono/unityjit-macos'
Mono config path = '/Applications/Unity/Hub/Editor/2022.3.18f1/Unity.app/Contents/MonoBleedingEdge/etc'
Using monoOptions --debugger-agent=transport=dt_socket,embedding=1,server=y,suspend=n,address=127.0.0.1:56879
Begin MonoManager ReloadAssembly
Registering precompiled unity dll's ...
Register platform support module: /Applications/Unity/Hub/Editor/2022.3.18f1/PlaybackEngines/WebGLSupport/UnityEditor.WebGL.Extensions.dll
Register platform support module: /Applications/Unity/Hub/Editor/2022.3.18f1/Unity.app/Contents/PlaybackEngines/MacStandaloneSupport/UnityEditor.OSXStandalone.Extensions.dll
Register platform support module: /Applications/Unity/Hub/Editor/2022.3.18f1/PlaybackEngines/AndroidPlayer/UnityEditor.Android.Extensions.dll
Registered in 0.001945 seconds.
- Loaded All Assemblies, in  0.197 seconds
Native extension for Android target not found
Android Extension - Scanning For ADB Devices 84 ms
Native extension for OSXStandalone target not found
Native extension for WebGL target not found
Mono: successfully reloaded assembly
- Finished resetting the current domain, in  0.286 seconds
Domain Reload Profiling: 483ms
	BeginReloadAssembly (42ms)
		ExecutionOrderSort (0ms)
		DisableScriptedObjects (0ms)
		BackupInstance (0ms)
		ReleaseScriptingObjects (0ms)
		CreateAndSetChildDomain (0ms)
	RebuildCommonClasses (22ms)
	RebuildNativeTypeToScriptingClass (8ms)
	initialDomainReloadingComplete (29ms)
	LoadAllAssembliesAndSetupDomain (96ms)
		LoadAssemblies (42ms)
		RebuildTransferFunctionScriptingTraits (0ms)
		AnalyzeDomain (95ms)
			TypeCache.Refresh (94ms)
				TypeCache.ScanAssembly (84ms)
			ScanForSourceGeneratedMonoScriptInfo (0ms)
			ResolveRequiredComponents (0ms)
	FinalizeReload (286ms)
		ReleaseScriptCaches (0ms)
		RebuildScriptCaches (0ms)
		SetupLoadedEditorAssemblies (247ms)
			LogAssemblyErrors (0ms)
			InitializePlatformSupportModulesInManaged (159ms)
			SetLoadedEditorAssemblies (3ms)
			RefreshPlugins (0ms)
			BeforeProcessingInitializeOnLoad (1ms)
			ProcessInitializeOnLoadAttributes (60ms)
			ProcessInitializeOnLoadMethodAttributes (24ms)
			AfterProcessingInitializeOnLoad (0ms)
			EditorAssembliesLoaded (0ms)
		ExecutionOrderSort2 (0ms)
		AwakeInstancesAfterBackupRestoration (0ms)
========================================================================
Worker process is ready to serve import requests
Begin MonoManager ReloadAssembly
- Loaded All Assemblies, in  0.442 seconds
Refreshing native plugins compatible for Editor in 4.63 ms, found 11 plugins.
Native extension for Android target not found
Native extension for OSXStandalone target not found
Native extension for WebGL target not found
Package Manager log level set to [2]
[Package Manager] Server::EnsureServerProcessIsRunning -- launch failed, reason: Unity was launched with the -noUpm command-line argument
[Package Manager] UpmClient::Send -- Unable to send message (not connected to UPM process).
[Package Manager] Cannot connect to Unity Package Manager local server
[Package Manager] Server::EnsureServerProcessIsRunning -- launch failed, reason: Unity was launched with the -noUpm command-line argument
[Package Manager] UpmClient::Send -- Unable to send message (not connected to UPM process).
[Package Manager] Cannot connect to Unity Package Manager local server
Mono: successfully reloaded assembly
[Package Manager] Server::EnsureServerProcessIsRunning -- launch failed, reason: Unity was launched with the -noUpm command-line argument
[Package Manager] UpmClient::Send -- Unable to send message (not connected to UPM process).
[Package Manager] Cannot connect to Unity Package Manager local server
[Package Manager] Server::EnsureServerProcessIsRunning -- launch failed, reason: Unity was launched with the -noUpm command-line argument
[Package Manager] UpmClient::Send -- Unable to send message (not connected to UPM process).
[Package Manager] Cannot connect to Unity Package Manager local server
- Finished resetting the current domain, in  0.500 seconds
Domain Reload Profiling: 942ms
	BeginReloadAssembly (74ms)
		ExecutionOrderSort (0ms)
		DisableScriptedObjects (3ms)
		BackupInstance (0ms)
		ReleaseScriptingObjects (0ms)
		CreateAndSetChildDomain (19ms)
	RebuildCommonClasses (23ms)
	RebuildNativeTypeToScriptingClass (8ms)
	initialDomainReloadingComplete (23ms)
	LoadAllAssembliesAndSetupDomain (314ms)
		LoadAssemblies (190ms)
		RebuildTransferFunctionScriptingTraits (0ms)
		AnalyzeDomain (155ms)
			TypeCache.Refresh (135ms)
				TypeCache.ScanAssembly (119ms)
			ScanForSourceGeneratedMonoScriptInfo (13ms)
			ResolveRequiredComponents (6ms)
	FinalizeReload (500ms)
		ReleaseScriptCaches (0ms)
		RebuildScriptCaches (0ms)
		SetupLoadedEditorAssemblies (384ms)
			LogAssemblyErrors (0ms)
			InitializePlatformSupportModulesInManaged (13ms)
			SetLoadedEditorAssemblies (3ms)
			RefreshPlugins (0ms)
			BeforeProcessingInitializeOnLoad (43ms)
			ProcessInitializeOnLoadAttributes (300ms)
			ProcessInitializeOnLoadMethodAttributes (24ms)
			AfterProcessingInitializeOnLoad (1ms)
			EditorAssembliesLoaded (0ms)
		ExecutionOrderSort2 (0ms)
		AwakeInstancesAfterBackupRestoration (2ms)
Launching external process: /Applications/Unity/Hub/Editor/2022.3.18f1/Unity.app/Contents/Tools/UnityShaderCompiler
Launched and connected shader compiler UnityShaderCompiler after 0.05 seconds
Refreshing native plugins compatible for Editor in 4.93 ms, found 11 plugins.
Preloading 1 native plugins for Editor in 0.17 ms.
Unloading 4893 Unused Serialized files (Serialized files now loaded: 0)
Unloading 112 unused Assets / (1.7 MB). Loaded Objects now: 5325.
Memory consumption went from 179.3 MB to 177.7 MB.
Total: 4.074000 ms (FindLiveObjects: 0.167792 ms CreateObjectMapping: 0.067541 ms MarkObjects: 3.237500 ms  DeleteObjects: 0.600500 ms)

AssetImportParameters requested are different than current active one (requested -> active):
  custom:container-demuxer-ogg: 62fdf1f143b41e24485cea50d1cbac27 -> 
  custom:video-decoder-ogg-theora: a1e56fd34408186e4bbccfd4996cb3dc -> 
  custom:scripting/monoscript/fileName/XRGeneralSettingsPerBuildTarget.cs: 16ff37e57a568e497be4f0712a9a33c4 -> 6970e5bff368910038049eb1434facbf
  custom:scripting/monoscript/fileName/XRLoaderInfo.cs: 818894a2d66a1c67db7c4797664322f2 -> 86fa513bfc04d58509db292069910bf2
  custom:scripting/monoscript/fileName/XRSettingsManager.cs: 43c3d777d0c8ebd09beeda0c7fff1e95 -> 701988ef3c16e84d3bc781477493ab34
  custom:scripting/monoscript/fileName/IXRLoaderPreInit.cs: 60a65812967a6a994d323fb4a3bc40d7 -> 4dbca4fbe4a89e2a18943694f414e3a9
  custom:scripting/monoscript/fileName/XRGeneralBuildProcessor.cs: 0efaf30eeb6ecccfafe5b7912a15e1e1 -> d52e14652f14fd6e56a66a859653fea9
  custom:scripting/monoscript/fileName/XRGeneralSettings.cs: d08d3d9bd0dc40127f8f3154525c3cb3 -> 01e68fef49e5cbf622bb7b4ffc622d89
  custom:scripting/monoscript/fileName/XRManagerEditor.cs: 7d85fed4b8ad462e9dbb09e8d2f0aac4 -> 6847a9ea85cd2d801d895b625e9590ff
  custom:scripting/monoscript/fileName/XRBuildProcessorHelper.cs: 8f6297df34271fdb1ce2d9607ec6261d -> 90647cc400823b41df847a6cbfc29026
  custom:scripting/monoscript/fileName/TypeLoaderExtensions.cs: 3d9383ab701f2e57f1a038529027b2d7 -> ee5d3b5e5d81c98c5d3594e8b9153df0
  custom:CustomObjectIndexerAttribute: 6d391050e5a25f67b0a2c618074f2cd9 -> 
  custom:scripting/monoscript/fileName/XRConfigurationProvider.cs: b6037a01878f8a392f51d1eb57a74c21 -> fa91ddd62be7b4c45bfd03890af30249
  custom:scripting/monoscript/fileName/ManifestElement.cs: e66d1acaa2995bff2851f10ea3cd7296 -> c30b57498d373b7476c4d7dfdaee189c
  custom:scripting/monoscript/fileName/XREditorWorkQueue.cs: dab5497c8483e158d471edc9c890b6df -> 8e928039a032f154dc8a86537aaac69a
  custom:scripting/monoscript/fileName/ManifestRequirement.cs: 55446fc1aea792d5bd58cd53891bbf28 -> d0237042ed94ccc3267a409cde8490a6
  custom:container-demuxer-webm: 4f35f7cbe854078d1ac9338744f61a02 -> 
  custom:scripting/monoscript/fileName/PackageNotificationUtils.cs: b122d810307522aba068b1ac06f7cf0f -> e493f521fc1755dec19875ae28a4f621
  custom:scripting/monoscript/fileName/XRPackageMetadataStore.cs: d9d78f910195bd2f088340a24a66c769 -> e06e5e9ffca9529e9db63900dd9caf32
  custom:scripting/monoscript/fileName/XRLoaderInfoManager.cs: 372bb785917be4037ad09602c4baf05a -> 28efaa63edac30b89ccc35ca2bf149fa
  custom:scripting/monoscript/fileName/XRConfigurationData.cs: 713f6b36380d0712ad8a9b08f19954ed -> 2cf07b13d54bfee2898ed6dc38612fbb
  custom:scripting/monoscript/fileName/XRManagerSettings.cs: 2ba91bbcf8d586faaa2b8e5422b0984f -> 39a1227fa3c478af29a735ec246b6baf
  custom:scripting/monoscript/fileName/XRLegacyUninstaller.cs: 5eab1913f4344c5c616ea18e03ba346f -> b85851af39f83959c5c298effbf32139
  custom:scripting/monoscript/fileName/XRCustomLoaderUIManager.cs: 177a81916dab61baa07e1ecf7d381d35 -> 4be5a8f671a1d808dd1496961b79b86b
  custom:container-muxer-webm: aa71ff27fc2769a1b78a27578f13a17b -> 
  custom:video-decoder-webm-vp8: 9c59270c3fd7afecdb556c50c9e8de78 -> 
  custom:SearchIndexIgnoredProperties: e643bd26f0fe6173181afceb89e7c659 -> 
  custom:scripting/monoscript/fileName/XRGeneralSettingsUpgrade.cs: 98c0aaec402c0674f97631d2b5f2a00f -> cc8d2e81204b3fd0e662cd38ef4a2d49
  custom:AudioImporter_EditorPlatform: 3918e3fc78b5a79bad01e8451be0beb8 -> 
  custom:scripting/monoscript/fileName/XRCustomLoaderUI.cs: 68887eacb86f7c8c452f082dde8bf048 -> a1b6225426bb5004db8b9d7388fe5771
  custom:scripting/monoscript/fileName/XRLoaderHelper.cs: e785a36687843ea6d40b3bb49d46a2ce -> ae85c4c4a11fcc1ed3393963333e400c
  custom:scripting/monoscript/fileName/XRLoader.cs: 8f1bb337f7721c83af550d3df06246de -> d82cec0b87bab7dffe74fb3651887ce3
  custom:scripting/monoscript/fileName/XRSupportedBuildTargetAttribute.cs: d075f5cdbd7f3fba5045a0f25f0a7974 -> f87a91ba911f6030453bea8d921b45d2
  custom:scripting/monoscript/fileName/AndroidManifestProcessor.cs: 7d2fa412ede7b0804737b410f6dcc6b5 -> d8dd4961c18e43fcd707eb950405363a
  custom:framework-osx-AVFoundation: e770b220cccbd017edd2c1fefb359320 -> 
  custom:scripting/monoscript/fileName/BuildHelpers.cs: 60689066956cb69bbd1112f8f936b371 -> 52ee9552b5cbbfe4eb60d480e36ffff5
  custom:scripting/monoscript/fileName/XRLoaderOrderUI.cs: 65b20182e989272b7e0439cd47eae80e -> 7bb0491ac9109774b097f2da80cd0c03
  custom:scripting/monoscript/fileName/AndroidManifestBuildEventReceiver.cs: ff26efb13f2d08f48a2b114836506036 -> 641c0bff5eb90d0569a809ea302132ee
  custom:video-encoder-webm-vp8: eb34c28f22e8b96e1ab97ce403110664 -> 
  custom:audio-decoder-ogg-vorbis: bf7c407c2cedff20999df2af8eb42d56 -> 
  custom:scripting/monoscript/fileName/IAndroidManifestRequirementProvider.cs: 4326cc96ab66e5fef3e5446bce878400 -> 42bf6f4b06629c812bd73f8ff461fec4
  custom:scripting/monoscript/fileName/EditorUtilities.cs: 01864f070e14f3584960ef5627cf9e55 -> 219d482e32bf0c01357e773617418955
  custom:scripting/monoscript/fileName/XRPackageInitialization.cs: 4687a00f1392b5bb00ca59be52d7c900 -> 1f095dd277a284b59543541a608de1da
  custom:scripting/monoscript/fileName/KnownPackages.cs: 2411540a6b80bde165035b9ffbb722ba -> 8647f39ea28525d7cb72646ed790f6ec
  custom:scripting/monoscript/fileName/XRConstants.cs: 1730138bf046fc0a6b2954c86c6d0041 -> 1558884a4b0ea94b4910dd640a0e6741
  custom:scripting/monoscript/fileName/XRManagementAnalytics.cs: bf117eef22dee001b4c5f21604af7845 -> 546181baf4c03dbbd57015a6731508f8
  custom:scripting/monoscript/fileName/XRPackage.cs: a7ee512db104827eeeec71c027c7f720 -> f2edbbf87f9b798abaf2a9f285d155f5
  custom:audio-encoder-webm-vorbis: bf7c407c2cedff20999df2af8eb42d56 -> 
  custom:scripting/monoscript/fileName/AndroidManifestDocument.cs: 79bccb01d12180ddefe7f6eacf2adb51 -> 47b2d5387fe80e2b28f68297243f4883
  custom:scripting/monoscript/fileName/XRPackageInitializationSettings.cs: 8fd1fa271763012401d1991ada19c70e -> 2f743437d3b09c9a4a5a33e9be971b1a
  custom:scripting/monoscript/fileName/XRPackageMetadata.cs: 4f8a12748efcdfd2878565fdb174a717 -> 16731333f575d8bc31df496aced36ebf
========================================================================
Received Import Request.
  Time since last request: 19158.974745 seconds.
  path: Assets/XR/UserSimulationSettings/SimulationEnvironmentAssetsManager.asset
  artifactKey: Guid(3ac574d242527464e868b7ce62a880ce) Importer(2089858483,0ecaa5967403d082aa24f35e1b516d23)
Start importing Assets/XR/UserSimulationSettings/SimulationEnvironmentAssetsManager.asset using Guid(3ac574d242527464e868b7ce62a880ce) Importer(2089858483,0ecaa5967403d082aa24f35e1b516d23)  -> (artifact id: '554baad48c806f129c3807b8c0d5c70f') in 0.039361 seconds
Number of updated asset objects reloaded before import = 0
Number of asset objects unloaded after import = 1
========================================================================
Received Import Request.
  Time since last request: 0.000034 seconds.
  path: Assets/XR/Loaders/OculusLoader.asset
  artifactKey: Guid(a0b44ab5d40fa42d28beff999a57d21d) Importer(2089858483,0ecaa5967403d082aa24f35e1b516d23)
Start importing Assets/XR/Loaders/OculusLoader.asset using Guid(a0b44ab5d40fa42d28beff999a57d21d) Importer(2089858483,0ecaa5967403d082aa24f35e1b516d23)  -> (artifact id: '39447210e20e5d8cb74a2481e6c40ae3') in 0.003535 seconds
Number of updated asset objects reloaded before import = 0
Number of asset objects unloaded after import = 1
========================================================================
Received Import Request.
  Time since last request: 0.000237 seconds.
  path: Assets/Scenes/SampleScene.unity
  artifactKey: Guid(9fc0d4010bbf28b4594072e72b8655ab) Importer(2089858483,0ecaa5967403d082aa24f35e1b516d23)
Start importing Assets/Scenes/SampleScene.unity using Guid(9fc0d4010bbf28b4594072e72b8655ab) Importer(2089858483,0ecaa5967403d082aa24f35e1b516d23)  -> (artifact id: 'c189923fcca3c0c28ae42549cf6a04c4') in 0.001956 seconds
Number of updated asset objects reloaded before import = 0
Number of asset objects unloaded after import = 1
========================================================================
Received Import Request.
  Time since last request: 0.000203 seconds.
  path: Assets/XRI/Settings/XRInteractionEditorSettings.asset
  artifactKey: Guid(05a3a7b47ac5f4c6b8254743e43a46fd) Importer(2089858483,0ecaa5967403d082aa24f35e1b516d23)
Start importing Assets/XRI/Settings/XRInteractionEditorSettings.asset using Guid(05a3a7b47ac5f4c6b8254743e43a46fd) Importer(2089858483,0ecaa5967403d082aa24f35e1b516d23)  -> (artifact id: 'af792095327507e126df67d6b5d8daa3') in 0.008075 seconds
Number of updated asset objects reloaded before import = 0
Number of asset objects unloaded after import = 1
========================================================================
Received Import Request.
  Time since last request: 0.000132 seconds.
  path: Assets/XRI/Settings/Resources/XRDeviceSimulatorSettings.asset
  artifactKey: Guid(af8acfa2f27d840af87c800130786bf2) Importer(2089858483,0ecaa5967403d082aa24f35e1b516d23)
Start importing Assets/XRI/Settings/Resources/XRDeviceSimulatorSettings.asset using Guid(af8acfa2f27d840af87c800130786bf2) Importer(2089858483,0ecaa5967403d082aa24f35e1b516d23)  -> (artifact id: '0f55910f3843d3140193463db0d2fb58') in 0.005112 seconds
Number of updated asset objects reloaded before import = 0
Number of asset objects unloaded after import = 1
========================================================================
Received Import Request.
  Time since last request: 0.000180 seconds.
  path: Assets/XR/Loaders/SimulationLoader.asset
  artifactKey: Guid(6439eb06fffc74d6ebabbb8b6ece3628) Importer(2089858483,0ecaa5967403d082aa24f35e1b516d23)
Start importing Assets/XR/Loaders/SimulationLoader.asset using Guid(6439eb06fffc74d6ebabbb8b6ece3628) Importer(2089858483,0ecaa5967403d082aa24f35e1b516d23)  -> (artifact id: 'be51d9e8fc797315422d16ddd571236a') in 0.003499 seconds
Number of updated asset objects reloaded before import = 0
Number of asset objects unloaded after import = 1
========================================================================
Received Import Request.
  Time since last request: 0.000284 seconds.
  path: Assets/XR/Settings/OpenXR Editor Settings.asset
  artifactKey: Guid(d358c3099b451492982ae0497b1dc0e9) Importer(2089858483,0ecaa5967403d082aa24f35e1b516d23)
Start importing Assets/XR/Settings/OpenXR Editor Settings.asset using Guid(d358c3099b451492982ae0497b1dc0e9) Importer(2089858483,0ecaa5967403d082aa24f35e1b516d23)  -> (artifact id: 'b25c38bcff431d3a7f5d7c9596b3dc73') in 0.005142 seconds
Number of updated asset objects reloaded before import = 0
Number of asset objects unloaded after import = 1
========================================================================
Received Import Request.
  Time since last request: 0.000085 seconds.
  path: Assets/XR/UserSimulationSettings/Resources/XRSimulationPreferences.asset
  artifactKey: Guid(481639057b92c4f6c90a57f73e7dc552) Importer(2089858483,0ecaa5967403d082aa24f35e1b516d23)
Start importing Assets/XR/UserSimulationSettings/Resources/XRSimulationPreferences.asset using Guid(481639057b92c4f6c90a57f73e7dc552) Importer(2089858483,0ecaa5967403d082aa24f35e1b516d23)  -> (artifact id: 'e49dd5abc5f6d76d985f4a105b29fc0c') in 0.008204 seconds
Number of updated asset objects reloaded before import = 0
Number of asset objects unloaded after import = 39
========================================================================
Received Import Request.
  Time since last request: 0.000068 seconds.
  path: Assets/XRI/Settings/Resources/InteractionLayerSettings.asset
  artifactKey: Guid(cc30a26ccae024c25a0a9c0a813157e7) Importer(2089858483,0ecaa5967403d082aa24f35e1b516d23)
Start importing Assets/XRI/Settings/Resources/InteractionLayerSettings.asset using Guid(cc30a26ccae024c25a0a9c0a813157e7) Importer(2089858483,0ecaa5967403d082aa24f35e1b516d23)  -> (artifact id: '4660b5c64b25cde350a94236bba5fe17') in 0.003277 seconds
Number of updated asset objects reloaded before import = 0
Number of asset objects unloaded after import = 1
========================================================================
Received Import Request.
  Time since last request: 0.000201 seconds.
  path: Assets/XR/Settings/XRSimulationSettings.asset
  artifactKey: Guid(ea299f584ac9c482aab7bebcf6115dea) Importer(2089858483,0ecaa5967403d082aa24f35e1b516d23)
Start importing Assets/XR/Settings/XRSimulationSettings.asset using Guid(ea299f584ac9c482aab7bebcf6115dea) Importer(2089858483,0ecaa5967403d082aa24f35e1b516d23)  -> (artifact id: 'b5f1f7fc06f5f523e44d03ce6aa0dc09') in 0.004351 seconds
Number of updated asset objects reloaded before import = 0
Number of asset objects unloaded after import = 1
========================================================================
Received Import Request.
  Time since last request: 0.000056 seconds.
  path: Assets/XR/Settings/OpenXR Package Settings.asset
  artifactKey: Guid(cbf05cb3291bd4ec38be7cd09488d7eb) Importer(2089858483,0ecaa5967403d082aa24f35e1b516d23)
Start importing Assets/XR/Settings/OpenXR Package Settings.asset using Guid(cbf05cb3291bd4ec38be7cd09488d7eb) Importer(2089858483,0ecaa5967403d082aa24f35e1b516d23)  -> (artifact id: '8dbbb2a1a610eec993202795dee96ec0') in 0.069233 seconds
Number of updated asset objects reloaded before import = 0
Number of asset objects unloaded after import = 23
========================================================================
Received Prepare
Refreshing native plugins compatible for Editor in 4.60 ms, found 11 plugins.
Preloading 1 native plugins for Editor in 0.21 ms.
Unloading 8 Unused Serialized files (Serialized files now loaded: 0)
Unloading 9 unused Assets / (1.6 MB). Loaded Objects now: 5327.
Memory consumption went from 100.8 MB to 99.2 MB.
Total: 3.772125 ms (FindLiveObjects: 0.174708 ms CreateObjectMapping: 0.062708 ms MarkObjects: 3.040875 ms  DeleteObjects: 0.493000 ms)

Prepare: number of updated asset objects reloaded= 0
AssetImportParameters requested are different than current active one (requested -> active):
  custom:container-demuxer-ogg: 62fdf1f143b41e24485cea50d1cbac27 -> 
  custom:video-decoder-ogg-theora: a1e56fd34408186e4bbccfd4996cb3dc -> 
  custom:scripting/monoscript/fileName/XRGeneralSettingsPerBuildTarget.cs: 16ff37e57a568e497be4f0712a9a33c4 -> 6970e5bff368910038049eb1434facbf
  custom:scripting/monoscript/fileName/XRLoaderInfo.cs: 818894a2d66a1c67db7c4797664322f2 -> 86fa513bfc04d58509db292069910bf2
  custom:scripting/monoscript/fileName/XRSettingsManager.cs: 43c3d777d0c8ebd09beeda0c7fff1e95 -> 701988ef3c16e84d3bc781477493ab34
  custom:scripting/monoscript/fileName/IXRLoaderPreInit.cs: 60a65812967a6a994d323fb4a3bc40d7 -> 4dbca4fbe4a89e2a18943694f414e3a9
  custom:scripting/monoscript/fileName/XRGeneralBuildProcessor.cs: 0efaf30eeb6ecccfafe5b7912a15e1e1 -> d52e14652f14fd6e56a66a859653fea9
  custom:scripting/monoscript/fileName/XRGeneralSettings.cs: d08d3d9bd0dc40127f8f3154525c3cb3 -> 01e68fef49e5cbf622bb7b4ffc622d89
  custom:scripting/monoscript/fileName/XRManagerEditor.cs: 7d85fed4b8ad462e9dbb09e8d2f0aac4 -> 6847a9ea85cd2d801d895b625e9590ff
  custom:scripting/monoscript/fileName/XRBuildProcessorHelper.cs: 8f6297df34271fdb1ce2d9607ec6261d -> 90647cc400823b41df847a6cbfc29026
  custom:scripting/monoscript/fileName/TypeLoaderExtensions.cs: 3d9383ab701f2e57f1a038529027b2d7 -> ee5d3b5e5d81c98c5d3594e8b9153df0
  custom:CustomObjectIndexerAttribute: 6d391050e5a25f67b0a2c618074f2cd9 -> 
  custom:scripting/monoscript/fileName/XRConfigurationProvider.cs: b6037a01878f8a392f51d1eb57a74c21 -> fa91ddd62be7b4c45bfd03890af30249
  custom:scripting/monoscript/fileName/ManifestElement.cs: e66d1acaa2995bff2851f10ea3cd7296 -> c30b57498d373b7476c4d7dfdaee189c
  custom:scripting/monoscript/fileName/XREditorWorkQueue.cs: dab5497c8483e158d471edc9c890b6df -> 8e928039a032f154dc8a86537aaac69a
  custom:scripting/monoscript/fileName/ManifestRequirement.cs: 55446fc1aea792d5bd58cd53891bbf28 -> d0237042ed94ccc3267a409cde8490a6
  custom:container-demuxer-webm: 4f35f7cbe854078d1ac9338744f61a02 -> 
  custom:scripting/monoscript/fileName/PackageNotificationUtils.cs: b122d810307522aba068b1ac06f7cf0f -> e493f521fc1755dec19875ae28a4f621
  custom:scripting/monoscript/fileName/XRPackageMetadataStore.cs: d9d78f910195bd2f088340a24a66c769 -> e06e5e9ffca9529e9db63900dd9caf32
  custom:scripting/monoscript/fileName/XRLoaderInfoManager.cs: 372bb785917be4037ad09602c4baf05a -> 28efaa63edac30b89ccc35ca2bf149fa
  custom:scripting/monoscript/fileName/XRConfigurationData.cs: 713f6b36380d0712ad8a9b08f19954ed -> 2cf07b13d54bfee2898ed6dc38612fbb
  custom:scripting/monoscript/fileName/XRManagerSettings.cs: 2ba91bbcf8d586faaa2b8e5422b0984f -> 39a1227fa3c478af29a735ec246b6baf
  custom:scripting/monoscript/fileName/XRLegacyUninstaller.cs: 5eab1913f4344c5c616ea18e03ba346f -> b85851af39f83959c5c298effbf32139
  custom:scripting/monoscript/fileName/XRCustomLoaderUIManager.cs: 177a81916dab61baa07e1ecf7d381d35 -> 4be5a8f671a1d808dd1496961b79b86b
  custom:container-muxer-webm: aa71ff27fc2769a1b78a27578f13a17b -> 
  custom:video-decoder-webm-vp8: 9c59270c3fd7afecdb556c50c9e8de78 -> 
  custom:SearchIndexIgnoredProperties: e643bd26f0fe6173181afceb89e7c659 -> 
  custom:scripting/monoscript/fileName/XRGeneralSettingsUpgrade.cs: 98c0aaec402c0674f97631d2b5f2a00f -> cc8d2e81204b3fd0e662cd38ef4a2d49
  custom:AudioImporter_EditorPlatform: 3918e3fc78b5a79bad01e8451be0beb8 -> 
  custom:scripting/monoscript/fileName/XRCustomLoaderUI.cs: 68887eacb86f7c8c452f082dde8bf048 -> a1b6225426bb5004db8b9d7388fe5771
  custom:scripting/monoscript/fileName/XRLoaderHelper.cs: e785a36687843ea6d40b3bb49d46a2ce -> ae85c4c4a11fcc1ed3393963333e400c
  custom:scripting/monoscript/fileName/XRLoader.cs: 8f1bb337f7721c83af550d3df06246de -> d82cec0b87bab7dffe74fb3651887ce3
  custom:scripting/monoscript/fileName/XRSupportedBuildTargetAttribute.cs: d075f5cdbd7f3fba5045a0f25f0a7974 -> f87a91ba911f6030453bea8d921b45d2
  custom:scripting/monoscript/fileName/AndroidManifestProcessor.cs: 7d2fa412ede7b0804737b410f6dcc6b5 -> d8dd4961c18e43fcd707eb950405363a
  custom:framework-osx-AVFoundation: e770b220cccbd017edd2c1fefb359320 -> 
  custom:scripting/monoscript/fileName/BuildHelpers.cs: 60689066956cb69bbd1112f8f936b371 -> 52ee9552b5cbbfe4eb60d480e36ffff5
  custom:scripting/monoscript/fileName/XRLoaderOrderUI.cs: 65b20182e989272b7e0439cd47eae80e -> 7bb0491ac9109774b097f2da80cd0c03
  custom:scripting/monoscript/fileName/AndroidManifestBuildEventReceiver.cs: ff26efb13f2d08f48a2b114836506036 -> 641c0bff5eb90d0569a809ea302132ee
  custom:video-encoder-webm-vp8: eb34c28f22e8b96e1ab97ce403110664 -> 
  custom:audio-decoder-ogg-vorbis: bf7c407c2cedff20999df2af8eb42d56 -> 
  custom:scripting/monoscript/fileName/IAndroidManifestRequirementProvider.cs: 4326cc96ab66e5fef3e5446bce878400 -> 42bf6f4b06629c812bd73f8ff461fec4
  custom:scripting/monoscript/fileName/EditorUtilities.cs: 01864f070e14f3584960ef5627cf9e55 -> 219d482e32bf0c01357e773617418955
  custom:scripting/monoscript/fileName/XRPackageInitialization.cs: 4687a00f1392b5bb00ca59be52d7c900 -> 1f095dd277a284b59543541a608de1da
  custom:scripting/monoscript/fileName/KnownPackages.cs: 2411540a6b80bde165035b9ffbb722ba -> 8647f39ea28525d7cb72646ed790f6ec
  custom:scripting/monoscript/fileName/XRConstants.cs: 1730138bf046fc0a6b2954c86c6d0041 -> 1558884a4b0ea94b4910dd640a0e6741
  custom:scripting/monoscript/fileName/XRManagementAnalytics.cs: bf117eef22dee001b4c5f21604af7845 -> 546181baf4c03dbbd57015a6731508f8
  custom:scripting/monoscript/fileName/XRPackage.cs: a7ee512db104827eeeec71c027c7f720 -> f2edbbf87f9b798abaf2a9f285d155f5
  custom:audio-encoder-webm-vorbis: bf7c407c2cedff20999df2af8eb42d56 -> 
  custom:scripting/monoscript/fileName/AndroidManifestDocument.cs: 79bccb01d12180ddefe7f6eacf2adb51 -> 47b2d5387fe80e2b28f68297243f4883
  custom:scripting/monoscript/fileName/XRPackageInitializationSettings.cs: 8fd1fa271763012401d1991ada19c70e -> 2f743437d3b09c9a4a5a33e9be971b1a
  custom:scripting/monoscript/fileName/XRPackageMetadata.cs: 4f8a12748efcdfd2878565fdb174a717 -> 16731333f575d8bc31df496aced36ebf
========================================================================
Received Prepare
Refreshing native plugins compatible for Editor in 4.29 ms, found 11 plugins.
Preloading 1 native plugins for Editor in 0.15 ms.
Unloading 9 Unused Serialized files (Serialized files now loaded: 0)
Unloading 9 unused Assets / (1.6 MB). Loaded Objects now: 5327.
Memory consumption went from 100.9 MB to 99.3 MB.
Total: 3.676833 ms (FindLiveObjects: 0.181750 ms CreateObjectMapping: 0.061709 ms MarkObjects: 2.922541 ms  DeleteObjects: 0.510583 ms)

Prepare: number of updated asset objects reloaded= 0
AssetImportParameters requested are different than current active one (requested -> active):
  custom:container-demuxer-ogg: 62fdf1f143b41e24485cea50d1cbac27 -> 
  custom:video-decoder-ogg-theora: a1e56fd34408186e4bbccfd4996cb3dc -> 
  custom:scripting/monoscript/fileName/XRGeneralSettingsPerBuildTarget.cs: 16ff37e57a568e497be4f0712a9a33c4 -> 6970e5bff368910038049eb1434facbf
  custom:scripting/monoscript/fileName/XRLoaderInfo.cs: 818894a2d66a1c67db7c4797664322f2 -> 86fa513bfc04d58509db292069910bf2
  custom:scripting/monoscript/fileName/XRSettingsManager.cs: 43c3d777d0c8ebd09beeda0c7fff1e95 -> 701988ef3c16e84d3bc781477493ab34
  custom:scripting/monoscript/fileName/IXRLoaderPreInit.cs: 60a65812967a6a994d323fb4a3bc40d7 -> 4dbca4fbe4a89e2a18943694f414e3a9
  custom:scripting/monoscript/fileName/XRGeneralBuildProcessor.cs: 0efaf30eeb6ecccfafe5b7912a15e1e1 -> d52e14652f14fd6e56a66a859653fea9
  custom:scripting/monoscript/fileName/XRGeneralSettings.cs: d08d3d9bd0dc40127f8f3154525c3cb3 -> 01e68fef49e5cbf622bb7b4ffc622d89
  custom:scripting/monoscript/fileName/XRManagerEditor.cs: 7d85fed4b8ad462e9dbb09e8d2f0aac4 -> 6847a9ea85cd2d801d895b625e9590ff
  custom:scripting/monoscript/fileName/XRBuildProcessorHelper.cs: 8f6297df34271fdb1ce2d9607ec6261d -> 90647cc400823b41df847a6cbfc29026
  custom:scripting/monoscript/fileName/TypeLoaderExtensions.cs: 3d9383ab701f2e57f1a038529027b2d7 -> ee5d3b5e5d81c98c5d3594e8b9153df0
  custom:CustomObjectIndexerAttribute: 6d391050e5a25f67b0a2c618074f2cd9 -> 
  custom:scripting/monoscript/fileName/XRConfigurationProvider.cs: b6037a01878f8a392f51d1eb57a74c21 -> fa91ddd62be7b4c45bfd03890af30249
  custom:scripting/monoscript/fileName/ManifestElement.cs: e66d1acaa2995bff2851f10ea3cd7296 -> c30b57498d373b7476c4d7dfdaee189c
  custom:scripting/monoscript/fileName/XREditorWorkQueue.cs: dab5497c8483e158d471edc9c890b6df -> 8e928039a032f154dc8a86537aaac69a
  custom:scripting/monoscript/fileName/ManifestRequirement.cs: 55446fc1aea792d5bd58cd53891bbf28 -> d0237042ed94ccc3267a409cde8490a6
  custom:container-demuxer-webm: 4f35f7cbe854078d1ac9338744f61a02 -> 
  custom:scripting/monoscript/fileName/PackageNotificationUtils.cs: b122d810307522aba068b1ac06f7cf0f -> e493f521fc1755dec19875ae28a4f621
  custom:scripting/monoscript/fileName/XRPackageMetadataStore.cs: d9d78f910195bd2f088340a24a66c769 -> e06e5e9ffca9529e9db63900dd9caf32
  custom:scripting/monoscript/fileName/XRLoaderInfoManager.cs: 372bb785917be4037ad09602c4baf05a -> 28efaa63edac30b89ccc35ca2bf149fa
  custom:scripting/monoscript/fileName/XRConfigurationData.cs: 713f6b36380d0712ad8a9b08f19954ed -> 2cf07b13d54bfee2898ed6dc38612fbb
  custom:scripting/monoscript/fileName/XRManagerSettings.cs: 2ba91bbcf8d586faaa2b8e5422b0984f -> 39a1227fa3c478af29a735ec246b6baf
  custom:scripting/monoscript/fileName/XRLegacyUninstaller.cs: 5eab1913f4344c5c616ea18e03ba346f -> b85851af39f83959c5c298effbf32139
  custom:scripting/monoscript/fileName/XRCustomLoaderUIManager.cs: 177a81916dab61baa07e1ecf7d381d35 -> 4be5a8f671a1d808dd1496961b79b86b
  custom:container-muxer-webm: aa71ff27fc2769a1b78a27578f13a17b -> 
  custom:video-decoder-webm-vp8: 9c59270c3fd7afecdb556c50c9e8de78 -> 
  custom:SearchIndexIgnoredProperties: e643bd26f0fe6173181afceb89e7c659 -> 
  custom:scripting/monoscript/fileName/XRGeneralSettingsUpgrade.cs: 98c0aaec402c0674f97631d2b5f2a00f -> cc8d2e81204b3fd0e662cd38ef4a2d49
  custom:AudioImporter_EditorPlatform: 3918e3fc78b5a79bad01e8451be0beb8 -> 
  custom:scripting/monoscript/fileName/XRCustomLoaderUI.cs: 68887eacb86f7c8c452f082dde8bf048 -> a1b6225426bb5004db8b9d7388fe5771
  custom:scripting/monoscript/fileName/XRLoaderHelper.cs: e785a36687843ea6d40b3bb49d46a2ce -> ae85c4c4a11fcc1ed3393963333e400c
  custom:scripting/monoscript/fileName/XRLoader.cs: 8f1bb337f7721c83af550d3df06246de -> d82cec0b87bab7dffe74fb3651887ce3
  custom:scripting/monoscript/fileName/XRSupportedBuildTargetAttribute.cs: d075f5cdbd7f3fba5045a0f25f0a7974 -> f87a91ba911f6030453bea8d921b45d2
  custom:scripting/monoscript/fileName/AndroidManifestProcessor.cs: 7d2fa412ede7b0804737b410f6dcc6b5 -> d8dd4961c18e43fcd707eb950405363a
  custom:framework-osx-AVFoundation: e770b220cccbd017edd2c1fefb359320 -> 
  custom:scripting/monoscript/fileName/BuildHelpers.cs: 60689066956cb69bbd1112f8f936b371 -> 52ee9552b5cbbfe4eb60d480e36ffff5
  custom:scripting/monoscript/fileName/XRLoaderOrderUI.cs: 65b20182e989272b7e0439cd47eae80e -> 7bb0491ac9109774b097f2da80cd0c03
  custom:scripting/monoscript/fileName/AndroidManifestBuildEventReceiver.cs: ff26efb13f2d08f48a2b114836506036 -> 641c0bff5eb90d0569a809ea302132ee
  custom:video-encoder-webm-vp8: eb34c28f22e8b96e1ab97ce403110664 -> 
  custom:audio-decoder-ogg-vorbis: bf7c407c2cedff20999df2af8eb42d56 -> 
  custom:scripting/monoscript/fileName/IAndroidManifestRequirementProvider.cs: 4326cc96ab66e5fef3e5446bce878400 -> 42bf6f4b06629c812bd73f8ff461fec4
  custom:scripting/monoscript/fileName/EditorUtilities.cs: 01864f070e14f3584960ef5627cf9e55 -> 219d482e32bf0c01357e773617418955
  custom:scripting/monoscript/fileName/XRPackageInitialization.cs: 4687a00f1392b5bb00ca59be52d7c900 -> 1f095dd277a284b59543541a608de1da
  custom:scripting/monoscript/fileName/KnownPackages.cs: 2411540a6b80bde165035b9ffbb722ba -> 8647f39ea28525d7cb72646ed790f6ec
  custom:scripting/monoscript/fileName/XRConstants.cs: 1730138bf046fc0a6b2954c86c6d0041 -> 1558884a4b0ea94b4910dd640a0e6741
  custom:scripting/monoscript/fileName/XRManagementAnalytics.cs: bf117eef22dee001b4c5f21604af7845 -> 546181baf4c03dbbd57015a6731508f8
  custom:scripting/monoscript/fileName/XRPackage.cs: a7ee512db104827eeeec71c027c7f720 -> f2edbbf87f9b798abaf2a9f285d155f5
  custom:audio-encoder-webm-vorbis: bf7c407c2cedff20999df2af8eb42d56 -> 
  custom:scripting/monoscript/fileName/AndroidManifestDocument.cs: 79bccb01d12180ddefe7f6eacf2adb51 -> 47b2d5387fe80e2b28f68297243f4883
  custom:scripting/monoscript/fileName/XRPackageInitializationSettings.cs: 8fd1fa271763012401d1991ada19c70e -> 2f743437d3b09c9a4a5a33e9be971b1a
  custom:scripting/monoscript/fileName/XRPackageMetadata.cs: 4f8a12748efcdfd2878565fdb174a717 -> 16731333f575d8bc31df496aced36ebf
========================================================================
Received Prepare
Begin MonoManager ReloadAssembly
Thread 0x28a153000 may have been prematurely finalized
- Loaded All Assemblies, in  0.342 seconds
Refreshing native plugins compatible for Editor in 4.45 ms, found 11 plugins.
Native extension for Android target not found
Native extension for OSXStandalone target not found
Native extension for WebGL target not found
[Package Manager] Server::EnsureServerProcessIsRunning -- launch failed, reason: Unity was launched with the -noUpm command-line argument
[Package Manager] UpmClient::Send -- Unable to send message (not connected to UPM process).
[Package Manager] Cannot connect to Unity Package Manager local server
[Package Manager] Server::EnsureServerProcessIsRunning -- launch failed, reason: Unity was launched with the -noUpm command-line argument
[Package Manager] UpmClient::Send -- Unable to send message (not connected to UPM process).
[Package Manager] Cannot connect to Unity Package Manager local server
Mono: successfully reloaded assembly
[Package Manager] Server::EnsureServerProcessIsRunning -- launch failed, reason: Unity was launched with the -noUpm command-line argument
[Package Manager] UpmClient::Send -- Unable to send message (not connected to UPM process).
[Package Manager] Cannot connect to Unity Package Manager local server
- Finished resetting the current domain, in  0.812 seconds
Domain Reload Profiling: 1154ms
	BeginReloadAssembly (90ms)
		ExecutionOrderSort (0ms)
		DisableScriptedObjects (3ms)
		BackupInstance (0ms)
		ReleaseScriptingObjects (0ms)
		CreateAndSetChildDomain (36ms)
	RebuildCommonClasses (23ms)
	RebuildNativeTypeToScriptingClass (8ms)
	initialDomainReloadingComplete (14ms)
	LoadAllAssembliesAndSetupDomain (207ms)
		LoadAssemblies (140ms)
		RebuildTransferFunctionScriptingTraits (0ms)
		AnalyzeDomain (94ms)
			TypeCache.Refresh (75ms)
				TypeCache.ScanAssembly (64ms)
			ScanForSourceGeneratedMonoScriptInfo (13ms)
			ResolveRequiredComponents (6ms)
	FinalizeReload (812ms)
		ReleaseScriptCaches (0ms)
		RebuildScriptCaches (0ms)
		SetupLoadedEditorAssemblies (355ms)
			LogAssemblyErrors (0ms)
			InitializePlatformSupportModulesInManaged (13ms)
			SetLoadedEditorAssemblies (3ms)
			RefreshPlugins (0ms)
			BeforeProcessingInitializeOnLoad (46ms)
			ProcessInitializeOnLoadAttributes (273ms)
			ProcessInitializeOnLoadMethodAttributes (19ms)
			AfterProcessingInitializeOnLoad (1ms)
			EditorAssembliesLoaded (0ms)
		ExecutionOrderSort2 (0ms)
		AwakeInstancesAfterBackupRestoration (2ms)
Refreshing native plugins compatible for Editor in 6.23 ms, found 11 plugins.
Preloading 1 native plugins for Editor in 0.24 ms.
Unloading 4865 Unused Serialized files (Serialized files now loaded: 0)
Unloading 82 unused Assets / (1.7 MB). Loaded Objects now: 5331.
Memory consumption went from 187.8 MB to 186.1 MB.
Total: 3.708167 ms (FindLiveObjects: 0.185291 ms CreateObjectMapping: 0.067417 ms MarkObjects: 2.893833 ms  DeleteObjects: 0.561125 ms)

Prepare: number of updated asset objects reloaded= 0
AssetImportParameters requested are different than current active one (requested -> active):
  custom:container-demuxer-ogg: 62fdf1f143b41e24485cea50d1cbac27 -> 
  custom:video-decoder-ogg-theora: a1e56fd34408186e4bbccfd4996cb3dc -> 
  custom:scripting/monoscript/fileName/XRGeneralSettingsPerBuildTarget.cs: 16ff37e57a568e497be4f0712a9a33c4 -> 6970e5bff368910038049eb1434facbf
  custom:scripting/monoscript/fileName/XRLoaderInfo.cs: 818894a2d66a1c67db7c4797664322f2 -> 86fa513bfc04d58509db292069910bf2
  custom:scripting/monoscript/fileName/XRSettingsManager.cs: 43c3d777d0c8ebd09beeda0c7fff1e95 -> 701988ef3c16e84d3bc781477493ab34
  custom:scripting/monoscript/fileName/IXRLoaderPreInit.cs: 60a65812967a6a994d323fb4a3bc40d7 -> 4dbca4fbe4a89e2a18943694f414e3a9
  custom:scripting/monoscript/fileName/XRGeneralBuildProcessor.cs: 0efaf30eeb6ecccfafe5b7912a15e1e1 -> d52e14652f14fd6e56a66a859653fea9
  custom:scripting/monoscript/fileName/XRGeneralSettings.cs: d08d3d9bd0dc40127f8f3154525c3cb3 -> 01e68fef49e5cbf622bb7b4ffc622d89
  custom:scripting/monoscript/fileName/XRManagerEditor.cs: 7d85fed4b8ad462e9dbb09e8d2f0aac4 -> 6847a9ea85cd2d801d895b625e9590ff
  custom:scripting/monoscript/fileName/XRBuildProcessorHelper.cs: 8f6297df34271fdb1ce2d9607ec6261d -> 90647cc400823b41df847a6cbfc29026
  custom:scripting/monoscript/fileName/TypeLoaderExtensions.cs: 3d9383ab701f2e57f1a038529027b2d7 -> ee5d3b5e5d81c98c5d3594e8b9153df0
  custom:CustomObjectIndexerAttribute: 6d391050e5a25f67b0a2c618074f2cd9 -> 
  custom:scripting/monoscript/fileName/XRConfigurationProvider.cs: b6037a01878f8a392f51d1eb57a74c21 -> fa91ddd62be7b4c45bfd03890af30249
  custom:scripting/monoscript/fileName/ManifestElement.cs: e66d1acaa2995bff2851f10ea3cd7296 -> c30b57498d373b7476c4d7dfdaee189c
  custom:scripting/monoscript/fileName/XREditorWorkQueue.cs: dab5497c8483e158d471edc9c890b6df -> 8e928039a032f154dc8a86537aaac69a
  custom:scripting/monoscript/fileName/ManifestRequirement.cs: 55446fc1aea792d5bd58cd53891bbf28 -> d0237042ed94ccc3267a409cde8490a6
  custom:container-demuxer-webm: 4f35f7cbe854078d1ac9338744f61a02 -> 
  custom:scripting/monoscript/fileName/PackageNotificationUtils.cs: b122d810307522aba068b1ac06f7cf0f -> e493f521fc1755dec19875ae28a4f621
  custom:scripting/monoscript/fileName/XRPackageMetadataStore.cs: d9d78f910195bd2f088340a24a66c769 -> e06e5e9ffca9529e9db63900dd9caf32
  custom:scripting/monoscript/fileName/XRLoaderInfoManager.cs: 372bb785917be4037ad09602c4baf05a -> 28efaa63edac30b89ccc35ca2bf149fa
  custom:scripting/monoscript/fileName/XRConfigurationData.cs: 713f6b36380d0712ad8a9b08f19954ed -> 2cf07b13d54bfee2898ed6dc38612fbb
  custom:scripting/monoscript/fileName/XRManagerSettings.cs: 2ba91bbcf8d586faaa2b8e5422b0984f -> 39a1227fa3c478af29a735ec246b6baf
  custom:scripting/monoscript/fileName/XRLegacyUninstaller.cs: 5eab1913f4344c5c616ea18e03ba346f -> b85851af39f83959c5c298effbf32139
  custom:scripting/monoscript/fileName/XRCustomLoaderUIManager.cs: 177a81916dab61baa07e1ecf7d381d35 -> 4be5a8f671a1d808dd1496961b79b86b
  custom:container-muxer-webm: aa71ff27fc2769a1b78a27578f13a17b -> 
  custom:video-decoder-webm-vp8: 9c59270c3fd7afecdb556c50c9e8de78 -> 
  custom:SearchIndexIgnoredProperties: e643bd26f0fe6173181afceb89e7c659 -> 
  custom:scripting/monoscript/fileName/XRGeneralSettingsUpgrade.cs: 98c0aaec402c0674f97631d2b5f2a00f -> cc8d2e81204b3fd0e662cd38ef4a2d49
  custom:AudioImporter_EditorPlatform: 3918e3fc78b5a79bad01e8451be0beb8 -> 
  custom:scripting/monoscript/fileName/XRCustomLoaderUI.cs: 68887eacb86f7c8c452f082dde8bf048 -> a1b6225426bb5004db8b9d7388fe5771
  custom:scripting/monoscript/fileName/XRLoaderHelper.cs: e785a36687843ea6d40b3bb49d46a2ce -> ae85c4c4a11fcc1ed3393963333e400c
  custom:scripting/monoscript/fileName/XRLoader.cs: 8f1bb337f7721c83af550d3df06246de -> d82cec0b87bab7dffe74fb3651887ce3
  custom:scripting/monoscript/fileName/XRSupportedBuildTargetAttribute.cs: d075f5cdbd7f3fba5045a0f25f0a7974 -> f87a91ba911f6030453bea8d921b45d2
  custom:scripting/monoscript/fileName/AndroidManifestProcessor.cs: 7d2fa412ede7b0804737b410f6dcc6b5 -> d8dd4961c18e43fcd707eb950405363a
  custom:framework-osx-AVFoundation: e770b220cccbd017edd2c1fefb359320 -> 
  custom:scripting/monoscript/fileName/BuildHelpers.cs: 60689066956cb69bbd1112f8f936b371 -> 52ee9552b5cbbfe4eb60d480e36ffff5
  custom:scripting/monoscript/fileName/XRLoaderOrderUI.cs: 65b20182e989272b7e0439cd47eae80e -> 7bb0491ac9109774b097f2da80cd0c03
  custom:scripting/monoscript/fileName/AndroidManifestBuildEventReceiver.cs: ff26efb13f2d08f48a2b114836506036 -> 641c0bff5eb90d0569a809ea302132ee
  custom:video-encoder-webm-vp8: eb34c28f22e8b96e1ab97ce403110664 -> 
  custom:audio-decoder-ogg-vorbis: bf7c407c2cedff20999df2af8eb42d56 -> 
  custom:scripting/monoscript/fileName/IAndroidManifestRequirementProvider.cs: 4326cc96ab66e5fef3e5446bce878400 -> 42bf6f4b06629c812bd73f8ff461fec4
  custom:scripting/monoscript/fileName/EditorUtilities.cs: 01864f070e14f3584960ef5627cf9e55 -> 219d482e32bf0c01357e773617418955
  custom:scripting/monoscript/fileName/XRPackageInitialization.cs: 4687a00f1392b5bb00ca59be52d7c900 -> 1f095dd277a284b59543541a608de1da
  custom:scripting/monoscript/fileName/KnownPackages.cs: 2411540a6b80bde165035b9ffbb722ba -> 8647f39ea28525d7cb72646ed790f6ec
  custom:scripting/monoscript/fileName/XRConstants.cs: 1730138bf046fc0a6b2954c86c6d0041 -> 1558884a4b0ea94b4910dd640a0e6741
  custom:scripting/monoscript/fileName/XRManagementAnalytics.cs: bf117eef22dee001b4c5f21604af7845 -> 546181baf4c03dbbd57015a6731508f8
  custom:scripting/monoscript/fileName/XRPackage.cs: a7ee512db104827eeeec71c027c7f720 -> f2edbbf87f9b798abaf2a9f285d155f5
  custom:audio-encoder-webm-vorbis: bf7c407c2cedff20999df2af8eb42d56 -> 
  custom:scripting/monoscript/fileName/AndroidManifestDocument.cs: 79bccb01d12180ddefe7f6eacf2adb51 -> 47b2d5387fe80e2b28f68297243f4883
  custom:scripting/monoscript/fileName/XRPackageInitializationSettings.cs: 8fd1fa271763012401d1991ada19c70e -> 2f743437d3b09c9a4a5a33e9be971b1a
  custom:scripting/monoscript/fileName/XRPackageMetadata.cs: 4f8a12748efcdfd2878565fdb174a717 -> 16731333f575d8bc31df496aced36ebf
========================================================================
Received Prepare
Begin MonoManager ReloadAssembly
Thread 0x2848c7000 may have been prematurely finalized
- Loaded All Assemblies, in  0.260 seconds
Refreshing native plugins compatible for Editor in 4.86 ms, found 11 plugins.
Native extension for Android target not found
Native extension for OSXStandalone target not found
Native extension for WebGL target not found
[Package Manager] Server::EnsureServerProcessIsRunning -- launch failed, reason: Unity was launched with the -noUpm command-line argument
[Package Manager] UpmClient::Send -- Unable to send message (not connected to UPM process).
[Package Manager] Cannot connect to Unity Package Manager local server
[Package Manager] Server::EnsureServerProcessIsRunning -- launch failed, reason: Unity was launched with the -noUpm command-line argument
[Package Manager] UpmClient::Send -- Unable to send message (not connected to UPM process).
[Package Manager] Cannot connect to Unity Package Manager local server
Mono: successfully reloaded assembly
[Package Manager] Server::EnsureServerProcessIsRunning -- launch failed, reason: Unity was launched with the -noUpm command-line argument
[Package Manager] UpmClient::Send -- Unable to send message (not connected to UPM process).
[Package Manager] Cannot connect to Unity Package Manager local server
- Finished resetting the current domain, in  0.851 seconds
Domain Reload Profiling: 1111ms
	BeginReloadAssembly (88ms)
		ExecutionOrderSort (0ms)
		DisableScriptedObjects (3ms)
		BackupInstance (0ms)
		ReleaseScriptingObjects (0ms)
		CreateAndSetChildDomain (36ms)
	RebuildCommonClasses (23ms)
	RebuildNativeTypeToScriptingClass (8ms)
	initialDomainReloadingComplete (13ms)
	LoadAllAssembliesAndSetupDomain (128ms)
		LoadAssemblies (143ms)
		RebuildTransferFunctionScriptingTraits (0ms)
		AnalyzeDomain (13ms)
			TypeCache.Refresh (6ms)
				TypeCache.ScanAssembly (0ms)
			ScanForSourceGeneratedMonoScriptInfo (0ms)
			ResolveRequiredComponents (6ms)
	FinalizeReload (851ms)
		ReleaseScriptCaches (0ms)
		RebuildScriptCaches (0ms)
		SetupLoadedEditorAssemblies (376ms)
			LogAssemblyErrors (0ms)
			InitializePlatformSupportModulesInManaged (14ms)
			SetLoadedEditorAssemblies (3ms)
			RefreshPlugins (0ms)
			BeforeProcessingInitializeOnLoad (47ms)
			ProcessInitializeOnLoadAttributes (290ms)
			ProcessInitializeOnLoadMethodAttributes (22ms)
			AfterProcessingInitializeOnLoad (1ms)
			EditorAssembliesLoaded (0ms)
		ExecutionOrderSort2 (0ms)
		AwakeInstancesAfterBackupRestoration (2ms)
Refreshing native plugins compatible for Editor in 5.37 ms, found 11 plugins.
Preloading 1 native plugins for Editor in 0.23 ms.
Unloading 4866 Unused Serialized files (Serialized files now loaded: 0)
Unloading 82 unused Assets / (1.7 MB). Loaded Objects now: 5337.
Memory consumption went from 198.9 MB to 197.3 MB.
Total: 4.242792 ms (FindLiveObjects: 0.176500 ms CreateObjectMapping: 0.068667 ms MarkObjects: 3.238167 ms  DeleteObjects: 0.758709 ms)

Prepare: number of updated asset objects reloaded= 22
AssetImportParameters requested are different than current active one (requested -> active):
  custom:container-demuxer-ogg: 62fdf1f143b41e24485cea50d1cbac27 -> 
  custom:video-decoder-ogg-theora: a1e56fd34408186e4bbccfd4996cb3dc -> 
  custom:scripting/monoscript/fileName/XRGeneralSettingsPerBuildTarget.cs: 16ff37e57a568e497be4f0712a9a33c4 -> 6970e5bff368910038049eb1434facbf
  custom:scripting/monoscript/fileName/XRLoaderInfo.cs: 818894a2d66a1c67db7c4797664322f2 -> 86fa513bfc04d58509db292069910bf2
  custom:scripting/monoscript/fileName/XRSettingsManager.cs: 43c3d777d0c8ebd09beeda0c7fff1e95 -> 701988ef3c16e84d3bc781477493ab34
  custom:scripting/monoscript/fileName/IXRLoaderPreInit.cs: 60a65812967a6a994d323fb4a3bc40d7 -> 4dbca4fbe4a89e2a18943694f414e3a9
  custom:scripting/monoscript/fileName/XRGeneralBuildProcessor.cs: 0efaf30eeb6ecccfafe5b7912a15e1e1 -> d52e14652f14fd6e56a66a859653fea9
  custom:scripting/monoscript/fileName/XRGeneralSettings.cs: d08d3d9bd0dc40127f8f3154525c3cb3 -> 01e68fef49e5cbf622bb7b4ffc622d89
  custom:scripting/monoscript/fileName/XRManagerEditor.cs: 7d85fed4b8ad462e9dbb09e8d2f0aac4 -> 6847a9ea85cd2d801d895b625e9590ff
  custom:scripting/monoscript/fileName/XRBuildProcessorHelper.cs: 8f6297df34271fdb1ce2d9607ec6261d -> 90647cc400823b41df847a6cbfc29026
  custom:scripting/monoscript/fileName/TypeLoaderExtensions.cs: 3d9383ab701f2e57f1a038529027b2d7 -> ee5d3b5e5d81c98c5d3594e8b9153df0
  custom:CustomObjectIndexerAttribute: 6d391050e5a25f67b0a2c618074f2cd9 -> 
  custom:scripting/monoscript/fileName/XRConfigurationProvider.cs: b6037a01878f8a392f51d1eb57a74c21 -> fa91ddd62be7b4c45bfd03890af30249
  custom:scripting/monoscript/fileName/ManifestElement.cs: e66d1acaa2995bff2851f10ea3cd7296 -> c30b57498d373b7476c4d7dfdaee189c
  custom:scripting/monoscript/fileName/XREditorWorkQueue.cs: dab5497c8483e158d471edc9c890b6df -> 8e928039a032f154dc8a86537aaac69a
  custom:scripting/monoscript/fileName/ManifestRequirement.cs: 55446fc1aea792d5bd58cd53891bbf28 -> d0237042ed94ccc3267a409cde8490a6
  custom:container-demuxer-webm: 4f35f7cbe854078d1ac9338744f61a02 -> 
  custom:scripting/monoscript/fileName/PackageNotificationUtils.cs: b122d810307522aba068b1ac06f7cf0f -> e493f521fc1755dec19875ae28a4f621
  custom:scripting/monoscript/fileName/XRPackageMetadataStore.cs: d9d78f910195bd2f088340a24a66c769 -> e06e5e9ffca9529e9db63900dd9caf32
  custom:scripting/monoscript/fileName/XRLoaderInfoManager.cs: 372bb785917be4037ad09602c4baf05a -> 28efaa63edac30b89ccc35ca2bf149fa
  custom:scripting/monoscript/fileName/XRConfigurationData.cs: 713f6b36380d0712ad8a9b08f19954ed -> 2cf07b13d54bfee2898ed6dc38612fbb
  custom:scripting/monoscript/fileName/XRManagerSettings.cs: 2ba91bbcf8d586faaa2b8e5422b0984f -> 39a1227fa3c478af29a735ec246b6baf
  custom:scripting/monoscript/fileName/XRLegacyUninstaller.cs: 5eab1913f4344c5c616ea18e03ba346f -> b85851af39f83959c5c298effbf32139
  custom:scripting/monoscript/fileName/XRCustomLoaderUIManager.cs: 177a81916dab61baa07e1ecf7d381d35 -> 4be5a8f671a1d808dd1496961b79b86b
  custom:container-muxer-webm: aa71ff27fc2769a1b78a27578f13a17b -> 
  custom:video-decoder-webm-vp8: 9c59270c3fd7afecdb556c50c9e8de78 -> 
  custom:SearchIndexIgnoredProperties: e643bd26f0fe6173181afceb89e7c659 -> 
  custom:scripting/monoscript/fileName/XRGeneralSettingsUpgrade.cs: 98c0aaec402c0674f97631d2b5f2a00f -> cc8d2e81204b3fd0e662cd38ef4a2d49
  custom:AudioImporter_EditorPlatform: 3918e3fc78b5a79bad01e8451be0beb8 -> 
  custom:scripting/monoscript/fileName/XRCustomLoaderUI.cs: 68887eacb86f7c8c452f082dde8bf048 -> a1b6225426bb5004db8b9d7388fe5771
  custom:scripting/monoscript/fileName/XRLoaderHelper.cs: e785a36687843ea6d40b3bb49d46a2ce -> ae85c4c4a11fcc1ed3393963333e400c
  custom:scripting/monoscript/fileName/XRLoader.cs: 8f1bb337f7721c83af550d3df06246de -> d82cec0b87bab7dffe74fb3651887ce3
  custom:scripting/monoscript/fileName/XRSupportedBuildTargetAttribute.cs: d075f5cdbd7f3fba5045a0f25f0a7974 -> f87a91ba911f6030453bea8d921b45d2
  custom:scripting/monoscript/fileName/AndroidManifestProcessor.cs: 7d2fa412ede7b0804737b410f6dcc6b5 -> d8dd4961c18e43fcd707eb950405363a
  custom:framework-osx-AVFoundation: e770b220cccbd017edd2c1fefb359320 -> 
  custom:scripting/monoscript/fileName/BuildHelpers.cs: 60689066956cb69bbd1112f8f936b371 -> 52ee9552b5cbbfe4eb60d480e36ffff5
  custom:scripting/monoscript/fileName/XRLoaderOrderUI.cs: 65b20182e989272b7e0439cd47eae80e -> 7bb0491ac9109774b097f2da80cd0c03
  custom:scripting/monoscript/fileName/AndroidManifestBuildEventReceiver.cs: ff26efb13f2d08f48a2b114836506036 -> 641c0bff5eb90d0569a809ea302132ee
  custom:video-encoder-webm-vp8: eb34c28f22e8b96e1ab97ce403110664 -> 
  custom:audio-decoder-ogg-vorbis: bf7c407c2cedff20999df2af8eb42d56 -> 
  custom:scripting/monoscript/fileName/IAndroidManifestRequirementProvider.cs: 4326cc96ab66e5fef3e5446bce878400 -> 42bf6f4b06629c812bd73f8ff461fec4
  custom:scripting/monoscript/fileName/EditorUtilities.cs: 01864f070e14f3584960ef5627cf9e55 -> 219d482e32bf0c01357e773617418955
  custom:scripting/monoscript/fileName/XRPackageInitialization.cs: 4687a00f1392b5bb00ca59be52d7c900 -> 1f095dd277a284b59543541a608de1da
  custom:scripting/monoscript/fileName/KnownPackages.cs: 2411540a6b80bde165035b9ffbb722ba -> 8647f39ea28525d7cb72646ed790f6ec
  custom:scripting/monoscript/fileName/XRConstants.cs: 1730138bf046fc0a6b2954c86c6d0041 -> 1558884a4b0ea94b4910dd640a0e6741
  custom:scripting/monoscript/fileName/XRManagementAnalytics.cs: bf117eef22dee001b4c5f21604af7845 -> 546181baf4c03dbbd57015a6731508f8
  custom:scripting/monoscript/fileName/XRPackage.cs: a7ee512db104827eeeec71c027c7f720 -> f2edbbf87f9b798abaf2a9f285d155f5
  custom:audio-encoder-webm-vorbis: bf7c407c2cedff20999df2af8eb42d56 -> 
  custom:scripting/monoscript/fileName/AndroidManifestDocument.cs: 79bccb01d12180ddefe7f6eacf2adb51 -> 47b2d5387fe80e2b28f68297243f4883
  custom:scripting/monoscript/fileName/XRPackageInitializationSettings.cs: 8fd1fa271763012401d1991ada19c70e -> 2f743437d3b09c9a4a5a33e9be971b1a
  custom:scripting/monoscript/fileName/XRPackageMetadata.cs: 4f8a12748efcdfd2878565fdb174a717 -> 16731333f575d8bc31df496aced36ebf
========================================================================
Received Prepare
Begin MonoManager ReloadAssembly
Thread 0x280887000 may have been prematurely finalized
- Loaded All Assemblies, in  0.254 seconds
Refreshing native plugins compatible for Editor in 4.48 ms, found 11 plugins.
Native extension for Android target not found
Native extension for OSXStandalone target not found
Native extension for WebGL target not found
[Package Manager] Server::EnsureServerProcessIsRunning -- launch failed, reason: Unity was launched with the -noUpm command-line argument
[Package Manager] UpmClient::Send -- Unable to send message (not connected to UPM process).
[Package Manager] Cannot connect to Unity Package Manager local server
[Package Manager] Server::EnsureServerProcessIsRunning -- launch failed, reason: Unity was launched with the -noUpm command-line argument
[Package Manager] UpmClient::Send -- Unable to send message (not connected to UPM process).
[Package Manager] Cannot connect to Unity Package Manager local server
Mono: successfully reloaded assembly
[Package Manager] Server::EnsureServerProcessIsRunning -- launch failed, reason: Unity was launched with the -noUpm command-line argument
[Package Manager] UpmClient::Send -- Unable to send message (not connected to UPM process).
[Package Manager] Cannot connect to Unity Package Manager local server
- Finished resetting the current domain, in  0.570 seconds
Domain Reload Profiling: 823ms
	BeginReloadAssembly (87ms)
		ExecutionOrderSort (0ms)
		DisableScriptedObjects (3ms)
		BackupInstance (0ms)
		ReleaseScriptingObjects (0ms)
		CreateAndSetChildDomain (34ms)
	RebuildCommonClasses (23ms)
	RebuildNativeTypeToScriptingClass (8ms)
	initialDomainReloadingComplete (13ms)
	LoadAllAssembliesAndSetupDomain (122ms)
		LoadAssemblies (136ms)
		RebuildTransferFunctionScriptingTraits (0ms)
		AnalyzeDomain (13ms)
			TypeCache.Refresh (6ms)
				TypeCache.ScanAssembly (0ms)
			ScanForSourceGeneratedMonoScriptInfo (0ms)
			ResolveRequiredComponents (7ms)
	FinalizeReload (570ms)
		ReleaseScriptCaches (0ms)
		RebuildScriptCaches (0ms)
		SetupLoadedEditorAssemblies (368ms)
			LogAssemblyErrors (0ms)
			InitializePlatformSupportModulesInManaged (13ms)
			SetLoadedEditorAssemblies (3ms)
			RefreshPlugins (0ms)
			BeforeProcessingInitializeOnLoad (44ms)
			ProcessInitializeOnLoadAttributes (285ms)
			ProcessInitializeOnLoadMethodAttributes (23ms)
			AfterProcessingInitializeOnLoad (1ms)
			EditorAssembliesLoaded (0ms)
		ExecutionOrderSort2 (0ms)
		AwakeInstancesAfterBackupRestoration (3ms)
Refreshing native plugins compatible for Editor in 5.19 ms, found 11 plugins.
Preloading 1 native plugins for Editor in 0.21 ms.
Unloading 4866 Unused Serialized files (Serialized files now loaded: 0)
Unloading 82 unused Assets / (1.6 MB). Loaded Objects now: 5364.
Memory consumption went from 210.2 MB to 208.5 MB.
Total: 3.996375 ms (FindLiveObjects: 0.214333 ms CreateObjectMapping: 0.078625 ms MarkObjects: 2.975333 ms  DeleteObjects: 0.727541 ms)

Prepare: number of updated asset objects reloaded= 0
AssetImportParameters requested are different than current active one (requested -> active):
  custom:container-demuxer-ogg: 62fdf1f143b41e24485cea50d1cbac27 -> 
  custom:video-decoder-ogg-theora: a1e56fd34408186e4bbccfd4996cb3dc -> 
  custom:scripting/monoscript/fileName/XRGeneralSettingsPerBuildTarget.cs: 16ff37e57a568e497be4f0712a9a33c4 -> 6970e5bff368910038049eb1434facbf
  custom:scripting/monoscript/fileName/XRLoaderInfo.cs: 818894a2d66a1c67db7c4797664322f2 -> 86fa513bfc04d58509db292069910bf2
  custom:scripting/monoscript/fileName/XRSettingsManager.cs: 43c3d777d0c8ebd09beeda0c7fff1e95 -> 701988ef3c16e84d3bc781477493ab34
  custom:scripting/monoscript/fileName/IXRLoaderPreInit.cs: 60a65812967a6a994d323fb4a3bc40d7 -> 4dbca4fbe4a89e2a18943694f414e3a9
  custom:scripting/monoscript/fileName/XRGeneralBuildProcessor.cs: 0efaf30eeb6ecccfafe5b7912a15e1e1 -> d52e14652f14fd6e56a66a859653fea9
  custom:scripting/monoscript/fileName/XRGeneralSettings.cs: d08d3d9bd0dc40127f8f3154525c3cb3 -> 01e68fef49e5cbf622bb7b4ffc622d89
  custom:scripting/monoscript/fileName/XRManagerEditor.cs: 7d85fed4b8ad462e9dbb09e8d2f0aac4 -> 6847a9ea85cd2d801d895b625e9590ff
  custom:scripting/monoscript/fileName/XRBuildProcessorHelper.cs: 8f6297df34271fdb1ce2d9607ec6261d -> 90647cc400823b41df847a6cbfc29026
  custom:scripting/monoscript/fileName/TypeLoaderExtensions.cs: 3d9383ab701f2e57f1a038529027b2d7 -> ee5d3b5e5d81c98c5d3594e8b9153df0
  custom:CustomObjectIndexerAttribute: 6d391050e5a25f67b0a2c618074f2cd9 -> 
  custom:scripting/monoscript/fileName/XRConfigurationProvider.cs: b6037a01878f8a392f51d1eb57a74c21 -> fa91ddd62be7b4c45bfd03890af30249
  custom:scripting/monoscript/fileName/ManifestElement.cs: e66d1acaa2995bff2851f10ea3cd7296 -> c30b57498d373b7476c4d7dfdaee189c
  custom:scripting/monoscript/fileName/XREditorWorkQueue.cs: dab5497c8483e158d471edc9c890b6df -> 8e928039a032f154dc8a86537aaac69a
  custom:scripting/monoscript/fileName/ManifestRequirement.cs: 55446fc1aea792d5bd58cd53891bbf28 -> d0237042ed94ccc3267a409cde8490a6
  custom:container-demuxer-webm: 4f35f7cbe854078d1ac9338744f61a02 -> 
  custom:scripting/monoscript/fileName/PackageNotificationUtils.cs: b122d810307522aba068b1ac06f7cf0f -> e493f521fc1755dec19875ae28a4f621
  custom:scripting/monoscript/fileName/XRPackageMetadataStore.cs: d9d78f910195bd2f088340a24a66c769 -> e06e5e9ffca9529e9db63900dd9caf32
  custom:scripting/monoscript/fileName/XRLoaderInfoManager.cs: 372bb785917be4037ad09602c4baf05a -> 28efaa63edac30b89ccc35ca2bf149fa
  custom:scripting/monoscript/fileName/XRConfigurationData.cs: 713f6b36380d0712ad8a9b08f19954ed -> 2cf07b13d54bfee2898ed6dc38612fbb
  custom:scripting/monoscript/fileName/XRManagerSettings.cs: 2ba91bbcf8d586faaa2b8e5422b0984f -> 39a1227fa3c478af29a735ec246b6baf
  custom:scripting/monoscript/fileName/XRLegacyUninstaller.cs: 5eab1913f4344c5c616ea18e03ba346f -> b85851af39f83959c5c298effbf32139
  custom:scripting/monoscript/fileName/XRCustomLoaderUIManager.cs: 177a81916dab61baa07e1ecf7d381d35 -> 4be5a8f671a1d808dd1496961b79b86b
  custom:container-muxer-webm: aa71ff27fc2769a1b78a27578f13a17b -> 
  custom:video-decoder-webm-vp8: 9c59270c3fd7afecdb556c50c9e8de78 -> 
  custom:SearchIndexIgnoredProperties: e643bd26f0fe6173181afceb89e7c659 -> 
  custom:scripting/monoscript/fileName/XRGeneralSettingsUpgrade.cs: 98c0aaec402c0674f97631d2b5f2a00f -> cc8d2e81204b3fd0e662cd38ef4a2d49
  custom:AudioImporter_EditorPlatform: 3918e3fc78b5a79bad01e8451be0beb8 -> 
  custom:scripting/monoscript/fileName/XRCustomLoaderUI.cs: 68887eacb86f7c8c452f082dde8bf048 -> a1b6225426bb5004db8b9d7388fe5771
  custom:scripting/monoscript/fileName/XRLoaderHelper.cs: e785a36687843ea6d40b3bb49d46a2ce -> ae85c4c4a11fcc1ed3393963333e400c
  custom:scripting/monoscript/fileName/XRLoader.cs: 8f1bb337f7721c83af550d3df06246de -> d82cec0b87bab7dffe74fb3651887ce3
  custom:scripting/monoscript/fileName/XRSupportedBuildTargetAttribute.cs: d075f5cdbd7f3fba5045a0f25f0a7974 -> f87a91ba911f6030453bea8d921b45d2
  custom:scripting/monoscript/fileName/AndroidManifestProcessor.cs: 7d2fa412ede7b0804737b410f6dcc6b5 -> d8dd4961c18e43fcd707eb950405363a
  custom:framework-osx-AVFoundation: e770b220cccbd017edd2c1fefb359320 -> 
  custom:scripting/monoscript/fileName/BuildHelpers.cs: 60689066956cb69bbd1112f8f936b371 -> 52ee9552b5cbbfe4eb60d480e36ffff5
  custom:scripting/monoscript/fileName/XRLoaderOrderUI.cs: 65b20182e989272b7e0439cd47eae80e -> 7bb0491ac9109774b097f2da80cd0c03
  custom:scripting/monoscript/fileName/AndroidManifestBuildEventReceiver.cs: ff26efb13f2d08f48a2b114836506036 -> 641c0bff5eb90d0569a809ea302132ee
  custom:video-encoder-webm-vp8: eb34c28f22e8b96e1ab97ce403110664 -> 
  custom:audio-decoder-ogg-vorbis: bf7c407c2cedff20999df2af8eb42d56 -> 
  custom:scripting/monoscript/fileName/IAndroidManifestRequirementProvider.cs: 4326cc96ab66e5fef3e5446bce878400 -> 42bf6f4b06629c812bd73f8ff461fec4
  custom:scripting/monoscript/fileName/EditorUtilities.cs: 01864f070e14f3584960ef5627cf9e55 -> 219d482e32bf0c01357e773617418955
  custom:scripting/monoscript/fileName/XRPackageInitialization.cs: 4687a00f1392b5bb00ca59be52d7c900 -> 1f095dd277a284b59543541a608de1da
  custom:scripting/monoscript/fileName/KnownPackages.cs: 2411540a6b80bde165035b9ffbb722ba -> 8647f39ea28525d7cb72646ed790f6ec
  custom:scripting/monoscript/fileName/XRConstants.cs: 1730138bf046fc0a6b2954c86c6d0041 -> 1558884a4b0ea94b4910dd640a0e6741
  custom:scripting/monoscript/fileName/XRManagementAnalytics.cs: bf117eef22dee001b4c5f21604af7845 -> 546181baf4c03dbbd57015a6731508f8
  custom:scripting/monoscript/fileName/XRPackage.cs: a7ee512db104827eeeec71c027c7f720 -> f2edbbf87f9b798abaf2a9f285d155f5
  custom:audio-encoder-webm-vorbis: bf7c407c2cedff20999df2af8eb42d56 -> 
  custom:scripting/monoscript/fileName/AndroidManifestDocument.cs: 79bccb01d12180ddefe7f6eacf2adb51 -> 47b2d5387fe80e2b28f68297243f4883
  custom:scripting/monoscript/fileName/XRPackageInitializationSettings.cs: 8fd1fa271763012401d1991ada19c70e -> 2f743437d3b09c9a4a5a33e9be971b1a
  custom:scripting/monoscript/fileName/XRPackageMetadata.cs: 4f8a12748efcdfd2878565fdb174a717 -> 16731333f575d8bc31df496aced36ebf
========================================================================
Received Prepare
Begin MonoManager ReloadAssembly
Thread 0x280887000 may have been prematurely finalized
- Loaded All Assemblies, in  0.264 seconds
Refreshing native plugins compatible for Editor in 4.83 ms, found 11 plugins.
Native extension for Android target not found
Native extension for OSXStandalone target not found
Native extension for WebGL target not found
[Package Manager] Server::EnsureServerProcessIsRunning -- launch failed, reason: Unity was launched with the -noUpm command-line argument
[Package Manager] UpmClient::Send -- Unable to send message (not connected to UPM process).
[Package Manager] Cannot connect to Unity Package Manager local server
[Package Manager] Server::EnsureServerProcessIsRunning -- launch failed, reason: Unity was launched with the -noUpm command-line argument
[Package Manager] UpmClient::Send -- Unable to send message (not connected to UPM process).
[Package Manager] Cannot connect to Unity Package Manager local server
Mono: successfully reloaded assembly
[Package Manager] Server::EnsureServerProcessIsRunning -- launch failed, reason: Unity was launched with the -noUpm command-line argument
[Package Manager] UpmClient::Send -- Unable to send message (not connected to UPM process).
[Package Manager] Cannot connect to Unity Package Manager local server
- Finished resetting the current domain, in  0.862 seconds
Domain Reload Profiling: 1127ms
	BeginReloadAssembly (91ms)
		ExecutionOrderSort (0ms)
		DisableScriptedObjects (5ms)
		BackupInstance (0ms)
		ReleaseScriptingObjects (0ms)
		CreateAndSetChildDomain (36ms)
	RebuildCommonClasses (23ms)
	RebuildNativeTypeToScriptingClass (9ms)
	initialDomainReloadingComplete (13ms)
	LoadAllAssembliesAndSetupDomain (128ms)
		LoadAssemblies (141ms)
		RebuildTransferFunctionScriptingTraits (0ms)
		AnalyzeDomain (14ms)
			TypeCache.Refresh (7ms)
				TypeCache.ScanAssembly (0ms)
			ScanForSourceGeneratedMonoScriptInfo (0ms)
			ResolveRequiredComponents (6ms)
	FinalizeReload (863ms)
		ReleaseScriptCaches (0ms)
		RebuildScriptCaches (0ms)
		SetupLoadedEditorAssemblies (377ms)
			LogAssemblyErrors (0ms)
			InitializePlatformSupportModulesInManaged (14ms)
			SetLoadedEditorAssemblies (3ms)
			RefreshPlugins (0ms)
			BeforeProcessingInitializeOnLoad (46ms)
			ProcessInitializeOnLoadAttributes (290ms)
			ProcessInitializeOnLoadMethodAttributes (23ms)
			AfterProcessingInitializeOnLoad (1ms)
			EditorAssembliesLoaded (0ms)
		ExecutionOrderSort2 (0ms)
		AwakeInstancesAfterBackupRestoration (3ms)
Refreshing native plugins compatible for Editor in 5.40 ms, found 11 plugins.
Preloading 1 native plugins for Editor in 0.25 ms.
Unloading 4866 Unused Serialized files (Serialized files now loaded: 0)
Unloading 83 unused Assets / (1.7 MB). Loaded Objects now: 5368.
Memory consumption went from 221.4 MB to 219.8 MB.
Total: 4.247458 ms (FindLiveObjects: 0.199583 ms CreateObjectMapping: 0.069250 ms MarkObjects: 3.254792 ms  DeleteObjects: 0.722959 ms)

Prepare: number of updated asset objects reloaded= 0
AssetImportParameters requested are different than current active one (requested -> active):
  custom:container-demuxer-ogg: 62fdf1f143b41e24485cea50d1cbac27 -> 
  custom:video-decoder-ogg-theora: a1e56fd34408186e4bbccfd4996cb3dc -> 
  custom:scripting/monoscript/fileName/XRGeneralSettingsPerBuildTarget.cs: 16ff37e57a568e497be4f0712a9a33c4 -> 6970e5bff368910038049eb1434facbf
  custom:scripting/monoscript/fileName/XRLoaderInfo.cs: 818894a2d66a1c67db7c4797664322f2 -> 86fa513bfc04d58509db292069910bf2
  custom:scripting/monoscript/fileName/XRSettingsManager.cs: 43c3d777d0c8ebd09beeda0c7fff1e95 -> 701988ef3c16e84d3bc781477493ab34
  custom:scripting/monoscript/fileName/IXRLoaderPreInit.cs: 60a65812967a6a994d323fb4a3bc40d7 -> 4dbca4fbe4a89e2a18943694f414e3a9
  custom:scripting/monoscript/fileName/XRGeneralBuildProcessor.cs: 0efaf30eeb6ecccfafe5b7912a15e1e1 -> d52e14652f14fd6e56a66a859653fea9
  custom:scripting/monoscript/fileName/XRGeneralSettings.cs: d08d3d9bd0dc40127f8f3154525c3cb3 -> 01e68fef49e5cbf622bb7b4ffc622d89
  custom:scripting/monoscript/fileName/XRManagerEditor.cs: 7d85fed4b8ad462e9dbb09e8d2f0aac4 -> 6847a9ea85cd2d801d895b625e9590ff
  custom:scripting/monoscript/fileName/XRBuildProcessorHelper.cs: 8f6297df34271fdb1ce2d9607ec6261d -> 90647cc400823b41df847a6cbfc29026
  custom:scripting/monoscript/fileName/TypeLoaderExtensions.cs: 3d9383ab701f2e57f1a038529027b2d7 -> ee5d3b5e5d81c98c5d3594e8b9153df0
  custom:CustomObjectIndexerAttribute: 6d391050e5a25f67b0a2c618074f2cd9 -> 
  custom:scripting/monoscript/fileName/XRConfigurationProvider.cs: b6037a01878f8a392f51d1eb57a74c21 -> fa91ddd62be7b4c45bfd03890af30249
  custom:scripting/monoscript/fileName/ManifestElement.cs: e66d1acaa2995bff2851f10ea3cd7296 -> c30b57498d373b7476c4d7dfdaee189c
  custom:scripting/monoscript/fileName/XREditorWorkQueue.cs: dab5497c8483e158d471edc9c890b6df -> 8e928039a032f154dc8a86537aaac69a
  custom:scripting/monoscript/fileName/ManifestRequirement.cs: 55446fc1aea792d5bd58cd53891bbf28 -> d0237042ed94ccc3267a409cde8490a6
  custom:container-demuxer-webm: 4f35f7cbe854078d1ac9338744f61a02 -> 
  custom:scripting/monoscript/fileName/PackageNotificationUtils.cs: b122d810307522aba068b1ac06f7cf0f -> e493f521fc1755dec19875ae28a4f621
  custom:scripting/monoscript/fileName/XRPackageMetadataStore.cs: d9d78f910195bd2f088340a24a66c769 -> e06e5e9ffca9529e9db63900dd9caf32
  custom:scripting/monoscript/fileName/XRLoaderInfoManager.cs: 372bb785917be4037ad09602c4baf05a -> 28efaa63edac30b89ccc35ca2bf149fa
  custom:scripting/monoscript/fileName/XRConfigurationData.cs: 713f6b36380d0712ad8a9b08f19954ed -> 2cf07b13d54bfee2898ed6dc38612fbb
  custom:scripting/monoscript/fileName/XRManagerSettings.cs: 2ba91bbcf8d586faaa2b8e5422b0984f -> 39a1227fa3c478af29a735ec246b6baf
  custom:scripting/monoscript/fileName/XRLegacyUninstaller.cs: 5eab1913f4344c5c616ea18e03ba346f -> b85851af39f83959c5c298effbf32139
  custom:scripting/monoscript/fileName/XRCustomLoaderUIManager.cs: 177a81916dab61baa07e1ecf7d381d35 -> 4be5a8f671a1d808dd1496961b79b86b
  custom:container-muxer-webm: aa71ff27fc2769a1b78a27578f13a17b -> 
  custom:video-decoder-webm-vp8: 9c59270c3fd7afecdb556c50c9e8de78 -> 
  custom:SearchIndexIgnoredProperties: e643bd26f0fe6173181afceb89e7c659 -> 
  custom:scripting/monoscript/fileName/XRGeneralSettingsUpgrade.cs: 98c0aaec402c0674f97631d2b5f2a00f -> cc8d2e81204b3fd0e662cd38ef4a2d49
  custom:AudioImporter_EditorPlatform: 3918e3fc78b5a79bad01e8451be0beb8 -> 
  custom:scripting/monoscript/fileName/XRCustomLoaderUI.cs: 68887eacb86f7c8c452f082dde8bf048 -> a1b6225426bb5004db8b9d7388fe5771
  custom:scripting/monoscript/fileName/XRLoaderHelper.cs: e785a36687843ea6d40b3bb49d46a2ce -> ae85c4c4a11fcc1ed3393963333e400c
  custom:scripting/monoscript/fileName/XRLoader.cs: 8f1bb337f7721c83af550d3df06246de -> d82cec0b87bab7dffe74fb3651887ce3
  custom:scripting/monoscript/fileName/XRSupportedBuildTargetAttribute.cs: d075f5cdbd7f3fba5045a0f25f0a7974 -> f87a91ba911f6030453bea8d921b45d2
  custom:scripting/monoscript/fileName/AndroidManifestProcessor.cs: 7d2fa412ede7b0804737b410f6dcc6b5 -> d8dd4961c18e43fcd707eb950405363a
  custom:framework-osx-AVFoundation: e770b220cccbd017edd2c1fefb359320 -> 
  custom:scripting/monoscript/fileName/BuildHelpers.cs: 60689066956cb69bbd1112f8f936b371 -> 52ee9552b5cbbfe4eb60d480e36ffff5
  custom:scripting/monoscript/fileName/XRLoaderOrderUI.cs: 65b20182e989272b7e0439cd47eae80e -> 7bb0491ac9109774b097f2da80cd0c03
  custom:scripting/monoscript/fileName/AndroidManifestBuildEventReceiver.cs: ff26efb13f2d08f48a2b114836506036 -> 641c0bff5eb90d0569a809ea302132ee
  custom:video-encoder-webm-vp8: eb34c28f22e8b96e1ab97ce403110664 -> 
  custom:audio-decoder-ogg-vorbis: bf7c407c2cedff20999df2af8eb42d56 -> 
  custom:scripting/monoscript/fileName/IAndroidManifestRequirementProvider.cs: 4326cc96ab66e5fef3e5446bce878400 -> 42bf6f4b06629c812bd73f8ff461fec4
  custom:scripting/monoscript/fileName/EditorUtilities.cs: 01864f070e14f3584960ef5627cf9e55 -> 219d482e32bf0c01357e773617418955
  custom:scripting/monoscript/fileName/XRPackageInitialization.cs: 4687a00f1392b5bb00ca59be52d7c900 -> 1f095dd277a284b59543541a608de1da
  custom:scripting/monoscript/fileName/KnownPackages.cs: 2411540a6b80bde165035b9ffbb722ba -> 8647f39ea28525d7cb72646ed790f6ec
  custom:scripting/monoscript/fileName/XRConstants.cs: 1730138bf046fc0a6b2954c86c6d0041 -> 1558884a4b0ea94b4910dd640a0e6741
  custom:scripting/monoscript/fileName/XRManagementAnalytics.cs: bf117eef22dee001b4c5f21604af7845 -> 546181baf4c03dbbd57015a6731508f8
  custom:scripting/monoscript/fileName/XRPackage.cs: a7ee512db104827eeeec71c027c7f720 -> f2edbbf87f9b798abaf2a9f285d155f5
  custom:audio-encoder-webm-vorbis: bf7c407c2cedff20999df2af8eb42d56 -> 
  custom:scripting/monoscript/fileName/AndroidManifestDocument.cs: 79bccb01d12180ddefe7f6eacf2adb51 -> 47b2d5387fe80e2b28f68297243f4883
  custom:scripting/monoscript/fileName/XRPackageInitializationSettings.cs: 8fd1fa271763012401d1991ada19c70e -> 2f743437d3b09c9a4a5a33e9be971b1a
  custom:scripting/monoscript/fileName/XRPackageMetadata.cs: 4f8a12748efcdfd2878565fdb174a717 -> 16731333f575d8bc31df496aced36ebf
========================================================================
Received Prepare
Begin MonoManager ReloadAssembly
Thread 0x16d2f7000 may have been prematurely finalized
- Loaded All Assemblies, in  0.265 seconds
Refreshing native plugins compatible for Editor in 4.73 ms, found 11 plugins.
Native extension for Android target not found
Native extension for OSXStandalone target not found
Native extension for WebGL target not found
[Package Manager] Server::EnsureServerProcessIsRunning -- launch failed, reason: Unity was launched with the -noUpm command-line argument
[Package Manager] UpmClient::Send -- Unable to send message (not connected to UPM process).
[Package Manager] Cannot connect to Unity Package Manager local server
[Package Manager] Server::EnsureServerProcessIsRunning -- launch failed, reason: Unity was launched with the -noUpm command-line argument
[Package Manager] UpmClient::Send -- Unable to send message (not connected to UPM process).
[Package Manager] Cannot connect to Unity Package Manager local server
Mono: successfully reloaded assembly
[Package Manager] Server::EnsureServerProcessIsRunning -- launch failed, reason: Unity was launched with the -noUpm command-line argument
[Package Manager] UpmClient::Send -- Unable to send message (not connected to UPM process).
[Package Manager] Cannot connect to Unity Package Manager local server
- Finished resetting the current domain, in  0.868 seconds
Domain Reload Profiling: 1134ms
	BeginReloadAssembly (92ms)
		ExecutionOrderSort (0ms)
		DisableScriptedObjects (3ms)
		BackupInstance (0ms)
		ReleaseScriptingObjects (0ms)
		CreateAndSetChildDomain (38ms)
	RebuildCommonClasses (23ms)
	RebuildNativeTypeToScriptingClass (9ms)
	initialDomainReloadingComplete (13ms)
	LoadAllAssembliesAndSetupDomain (129ms)
		LoadAssemblies (142ms)
		RebuildTransferFunctionScriptingTraits (0ms)
		AnalyzeDomain (14ms)
			TypeCache.Refresh (6ms)
				TypeCache.ScanAssembly (0ms)
			ScanForSourceGeneratedMonoScriptInfo (0ms)
			ResolveRequiredComponents (7ms)
	FinalizeReload (868ms)
		ReleaseScriptCaches (0ms)
		RebuildScriptCaches (0ms)
		SetupLoadedEditorAssemblies (385ms)
			LogAssemblyErrors (0ms)
			InitializePlatformSupportModulesInManaged (14ms)
			SetLoadedEditorAssemblies (3ms)
			RefreshPlugins (0ms)
			BeforeProcessingInitializeOnLoad (47ms)
			ProcessInitializeOnLoadAttributes (297ms)
			ProcessInitializeOnLoadMethodAttributes (23ms)
			AfterProcessingInitializeOnLoad (1ms)
			EditorAssembliesLoaded (0ms)
		ExecutionOrderSort2 (0ms)
		AwakeInstancesAfterBackupRestoration (3ms)
Refreshing native plugins compatible for Editor in 5.42 ms, found 11 plugins.
Preloading 1 native plugins for Editor in 0.20 ms.
Unloading 4865 Unused Serialized files (Serialized files now loaded: 0)
Unloading 82 unused Assets / (1.6 MB). Loaded Objects now: 5372.
Memory consumption went from 232.5 MB to 230.9 MB.
Total: 4.166375 ms (FindLiveObjects: 0.208083 ms CreateObjectMapping: 0.067708 ms MarkObjects: 3.121583 ms  DeleteObjects: 0.768333 ms)

Prepare: number of updated asset objects reloaded= 0
AssetImportParameters requested are different than current active one (requested -> active):
  custom:container-demuxer-ogg: 62fdf1f143b41e24485cea50d1cbac27 -> 
  custom:video-decoder-ogg-theora: a1e56fd34408186e4bbccfd4996cb3dc -> 
  custom:scripting/monoscript/fileName/XRGeneralSettingsPerBuildTarget.cs: 16ff37e57a568e497be4f0712a9a33c4 -> 6970e5bff368910038049eb1434facbf
  custom:scripting/monoscript/fileName/XRLoaderInfo.cs: 818894a2d66a1c67db7c4797664322f2 -> 86fa513bfc04d58509db292069910bf2
  custom:scripting/monoscript/fileName/XRSettingsManager.cs: 43c3d777d0c8ebd09beeda0c7fff1e95 -> 701988ef3c16e84d3bc781477493ab34
  custom:scripting/monoscript/fileName/IXRLoaderPreInit.cs: 60a65812967a6a994d323fb4a3bc40d7 -> 4dbca4fbe4a89e2a18943694f414e3a9
  custom:scripting/monoscript/fileName/XRGeneralBuildProcessor.cs: 0efaf30eeb6ecccfafe5b7912a15e1e1 -> d52e14652f14fd6e56a66a859653fea9
  custom:scripting/monoscript/fileName/XRGeneralSettings.cs: d08d3d9bd0dc40127f8f3154525c3cb3 -> 01e68fef49e5cbf622bb7b4ffc622d89
  custom:scripting/monoscript/fileName/XRManagerEditor.cs: 7d85fed4b8ad462e9dbb09e8d2f0aac4 -> 6847a9ea85cd2d801d895b625e9590ff
  custom:scripting/monoscript/fileName/XRBuildProcessorHelper.cs: 8f6297df34271fdb1ce2d9607ec6261d -> 90647cc400823b41df847a6cbfc29026
  custom:scripting/monoscript/fileName/TypeLoaderExtensions.cs: 3d9383ab701f2e57f1a038529027b2d7 -> ee5d3b5e5d81c98c5d3594e8b9153df0
  custom:CustomObjectIndexerAttribute: 6d391050e5a25f67b0a2c618074f2cd9 -> 
  custom:scripting/monoscript/fileName/XRConfigurationProvider.cs: b6037a01878f8a392f51d1eb57a74c21 -> fa91ddd62be7b4c45bfd03890af30249
  custom:scripting/monoscript/fileName/ManifestElement.cs: e66d1acaa2995bff2851f10ea3cd7296 -> c30b57498d373b7476c4d7dfdaee189c
  custom:scripting/monoscript/fileName/XREditorWorkQueue.cs: dab5497c8483e158d471edc9c890b6df -> 8e928039a032f154dc8a86537aaac69a
  custom:scripting/monoscript/fileName/ManifestRequirement.cs: 55446fc1aea792d5bd58cd53891bbf28 -> d0237042ed94ccc3267a409cde8490a6
  custom:container-demuxer-webm: 4f35f7cbe854078d1ac9338744f61a02 -> 
  custom:scripting/monoscript/fileName/PackageNotificationUtils.cs: b122d810307522aba068b1ac06f7cf0f -> e493f521fc1755dec19875ae28a4f621
  custom:scripting/monoscript/fileName/XRPackageMetadataStore.cs: d9d78f910195bd2f088340a24a66c769 -> e06e5e9ffca9529e9db63900dd9caf32
  custom:scripting/monoscript/fileName/XRLoaderInfoManager.cs: 372bb785917be4037ad09602c4baf05a -> 28efaa63edac30b89ccc35ca2bf149fa
  custom:scripting/monoscript/fileName/XRConfigurationData.cs: 713f6b36380d0712ad8a9b08f19954ed -> 2cf07b13d54bfee2898ed6dc38612fbb
  custom:scripting/monoscript/fileName/XRManagerSettings.cs: 2ba91bbcf8d586faaa2b8e5422b0984f -> 39a1227fa3c478af29a735ec246b6baf
  custom:scripting/monoscript/fileName/XRLegacyUninstaller.cs: 5eab1913f4344c5c616ea18e03ba346f -> b85851af39f83959c5c298effbf32139
  custom:scripting/monoscript/fileName/XRCustomLoaderUIManager.cs: 177a81916dab61baa07e1ecf7d381d35 -> 4be5a8f671a1d808dd1496961b79b86b
  custom:container-muxer-webm: aa71ff27fc2769a1b78a27578f13a17b -> 
  custom:video-decoder-webm-vp8: 9c59270c3fd7afecdb556c50c9e8de78 -> 
  custom:SearchIndexIgnoredProperties: e643bd26f0fe6173181afceb89e7c659 -> 
  custom:scripting/monoscript/fileName/XRGeneralSettingsUpgrade.cs: 98c0aaec402c0674f97631d2b5f2a00f -> cc8d2e81204b3fd0e662cd38ef4a2d49
  custom:AudioImporter_EditorPlatform: 3918e3fc78b5a79bad01e8451be0beb8 -> 
  custom:scripting/monoscript/fileName/XRCustomLoaderUI.cs: 68887eacb86f7c8c452f082dde8bf048 -> a1b6225426bb5004db8b9d7388fe5771
  custom:scripting/monoscript/fileName/XRLoaderHelper.cs: e785a36687843ea6d40b3bb49d46a2ce -> ae85c4c4a11fcc1ed3393963333e400c
  custom:scripting/monoscript/fileName/XRLoader.cs: 8f1bb337f7721c83af550d3df06246de -> d82cec0b87bab7dffe74fb3651887ce3
  custom:scripting/monoscript/fileName/XRSupportedBuildTargetAttribute.cs: d075f5cdbd7f3fba5045a0f25f0a7974 -> f87a91ba911f6030453bea8d921b45d2
  custom:scripting/monoscript/fileName/AndroidManifestProcessor.cs: 7d2fa412ede7b0804737b410f6dcc6b5 -> d8dd4961c18e43fcd707eb950405363a
  custom:framework-osx-AVFoundation: e770b220cccbd017edd2c1fefb359320 -> 
  custom:scripting/monoscript/fileName/BuildHelpers.cs: 60689066956cb69bbd1112f8f936b371 -> 52ee9552b5cbbfe4eb60d480e36ffff5
  custom:scripting/monoscript/fileName/XRLoaderOrderUI.cs: 65b20182e989272b7e0439cd47eae80e -> 7bb0491ac9109774b097f2da80cd0c03
  custom:scripting/monoscript/fileName/AndroidManifestBuildEventReceiver.cs: ff26efb13f2d08f48a2b114836506036 -> 641c0bff5eb90d0569a809ea302132ee
  custom:video-encoder-webm-vp8: eb34c28f22e8b96e1ab97ce403110664 -> 
  custom:audio-decoder-ogg-vorbis: bf7c407c2cedff20999df2af8eb42d56 -> 
  custom:scripting/monoscript/fileName/IAndroidManifestRequirementProvider.cs: 4326cc96ab66e5fef3e5446bce878400 -> 42bf6f4b06629c812bd73f8ff461fec4
  custom:scripting/monoscript/fileName/EditorUtilities.cs: 01864f070e14f3584960ef5627cf9e55 -> 219d482e32bf0c01357e773617418955
  custom:scripting/monoscript/fileName/XRPackageInitialization.cs: 4687a00f1392b5bb00ca59be52d7c900 -> 1f095dd277a284b59543541a608de1da
  custom:scripting/monoscript/fileName/KnownPackages.cs: 2411540a6b80bde165035b9ffbb722ba -> 8647f39ea28525d7cb72646ed790f6ec
  custom:scripting/monoscript/fileName/XRConstants.cs: 1730138bf046fc0a6b2954c86c6d0041 -> 1558884a4b0ea94b4910dd640a0e6741
  custom:scripting/monoscript/fileName/XRManagementAnalytics.cs: bf117eef22dee001b4c5f21604af7845 -> 546181baf4c03dbbd57015a6731508f8
  custom:scripting/monoscript/fileName/XRPackage.cs: a7ee512db104827eeeec71c027c7f720 -> f2edbbf87f9b798abaf2a9f285d155f5
  custom:audio-encoder-webm-vorbis: bf7c407c2cedff20999df2af8eb42d56 -> 
  custom:scripting/monoscript/fileName/AndroidManifestDocument.cs: 79bccb01d12180ddefe7f6eacf2adb51 -> 47b2d5387fe80e2b28f68297243f4883
  custom:scripting/monoscript/fileName/XRPackageInitializationSettings.cs: 8fd1fa271763012401d1991ada19c70e -> 2f743437d3b09c9a4a5a33e9be971b1a
  custom:scripting/monoscript/fileName/XRPackageMetadata.cs: 4f8a12748efcdfd2878565fdb174a717 -> 16731333f575d8bc31df496aced36ebf
========================================================================
Received Prepare
Refreshing native plugins compatible for Editor in 13.71 ms, found 11 plugins.
Preloading 1 native plugins for Editor in 0.20 ms.
Unloading 9 Unused Serialized files (Serialized files now loaded: 0)
Unloading 9 unused Assets / (1.6 MB). Loaded Objects now: 5372.
Memory consumption went from 156.6 MB to 155.0 MB.
Total: 17.000667 ms (FindLiveObjects: 0.174917 ms CreateObjectMapping: 0.065042 ms MarkObjects: 16.096208 ms  DeleteObjects: 0.663958 ms)

Prepare: number of updated asset objects reloaded= 0
AssetImportParameters requested are different than current active one (requested -> active):
  custom:container-demuxer-ogg: 62fdf1f143b41e24485cea50d1cbac27 -> 
  custom:video-decoder-ogg-theora: a1e56fd34408186e4bbccfd4996cb3dc -> 
  custom:scripting/monoscript/fileName/XRGeneralSettingsPerBuildTarget.cs: 16ff37e57a568e497be4f0712a9a33c4 -> 6970e5bff368910038049eb1434facbf
  custom:scripting/monoscript/fileName/XRLoaderInfo.cs: 818894a2d66a1c67db7c4797664322f2 -> 86fa513bfc04d58509db292069910bf2
  custom:scripting/monoscript/fileName/XRSettingsManager.cs: 43c3d777d0c8ebd09beeda0c7fff1e95 -> 701988ef3c16e84d3bc781477493ab34
  custom:scripting/monoscript/fileName/IXRLoaderPreInit.cs: 60a65812967a6a994d323fb4a3bc40d7 -> 4dbca4fbe4a89e2a18943694f414e3a9
  custom:scripting/monoscript/fileName/XRGeneralBuildProcessor.cs: 0efaf30eeb6ecccfafe5b7912a15e1e1 -> d52e14652f14fd6e56a66a859653fea9
  custom:scripting/monoscript/fileName/XRGeneralSettings.cs: d08d3d9bd0dc40127f8f3154525c3cb3 -> 01e68fef49e5cbf622bb7b4ffc622d89
  custom:scripting/monoscript/fileName/XRManagerEditor.cs: 7d85fed4b8ad462e9dbb09e8d2f0aac4 -> 6847a9ea85cd2d801d895b625e9590ff
  custom:scripting/monoscript/fileName/XRBuildProcessorHelper.cs: 8f6297df34271fdb1ce2d9607ec6261d -> 90647cc400823b41df847a6cbfc29026
  custom:scripting/monoscript/fileName/TypeLoaderExtensions.cs: 3d9383ab701f2e57f1a038529027b2d7 -> ee5d3b5e5d81c98c5d3594e8b9153df0
  custom:CustomObjectIndexerAttribute: 6d391050e5a25f67b0a2c618074f2cd9 -> 
  custom:scripting/monoscript/fileName/XRConfigurationProvider.cs: b6037a01878f8a392f51d1eb57a74c21 -> fa91ddd62be7b4c45bfd03890af30249
  custom:scripting/monoscript/fileName/ManifestElement.cs: e66d1acaa2995bff2851f10ea3cd7296 -> c30b57498d373b7476c4d7dfdaee189c
  custom:scripting/monoscript/fileName/XREditorWorkQueue.cs: dab5497c8483e158d471edc9c890b6df -> 8e928039a032f154dc8a86537aaac69a
  custom:scripting/monoscript/fileName/ManifestRequirement.cs: 55446fc1aea792d5bd58cd53891bbf28 -> d0237042ed94ccc3267a409cde8490a6
  custom:container-demuxer-webm: 4f35f7cbe854078d1ac9338744f61a02 -> 
  custom:scripting/monoscript/fileName/PackageNotificationUtils.cs: b122d810307522aba068b1ac06f7cf0f -> e493f521fc1755dec19875ae28a4f621
  custom:scripting/monoscript/fileName/XRPackageMetadataStore.cs: d9d78f910195bd2f088340a24a66c769 -> e06e5e9ffca9529e9db63900dd9caf32
  custom:scripting/monoscript/fileName/XRLoaderInfoManager.cs: 372bb785917be4037ad09602c4baf05a -> 28efaa63edac30b89ccc35ca2bf149fa
  custom:scripting/monoscript/fileName/XRConfigurationData.cs: 713f6b36380d0712ad8a9b08f19954ed -> 2cf07b13d54bfee2898ed6dc38612fbb
  custom:scripting/monoscript/fileName/XRManagerSettings.cs: 2ba91bbcf8d586faaa2b8e5422b0984f -> 39a1227fa3c478af29a735ec246b6baf
  custom:scripting/monoscript/fileName/XRLegacyUninstaller.cs: 5eab1913f4344c5c616ea18e03ba346f -> b85851af39f83959c5c298effbf32139
  custom:scripting/monoscript/fileName/XRCustomLoaderUIManager.cs: 177a81916dab61baa07e1ecf7d381d35 -> 4be5a8f671a1d808dd1496961b79b86b
  custom:container-muxer-webm: aa71ff27fc2769a1b78a27578f13a17b -> 
  custom:video-decoder-webm-vp8: 9c59270c3fd7afecdb556c50c9e8de78 -> 
  custom:SearchIndexIgnoredProperties: e643bd26f0fe6173181afceb89e7c659 -> 
  custom:scripting/monoscript/fileName/XRGeneralSettingsUpgrade.cs: 98c0aaec402c0674f97631d2b5f2a00f -> cc8d2e81204b3fd0e662cd38ef4a2d49
  custom:AudioImporter_EditorPlatform: 3918e3fc78b5a79bad01e8451be0beb8 -> 
  custom:scripting/monoscript/fileName/XRCustomLoaderUI.cs: 68887eacb86f7c8c452f082dde8bf048 -> a1b6225426bb5004db8b9d7388fe5771
  custom:scripting/monoscript/fileName/XRLoaderHelper.cs: e785a36687843ea6d40b3bb49d46a2ce -> ae85c4c4a11fcc1ed3393963333e400c
  custom:scripting/monoscript/fileName/XRLoader.cs: 8f1bb337f7721c83af550d3df06246de -> d82cec0b87bab7dffe74fb3651887ce3
  custom:scripting/monoscript/fileName/XRSupportedBuildTargetAttribute.cs: d075f5cdbd7f3fba5045a0f25f0a7974 -> f87a91ba911f6030453bea8d921b45d2
  custom:scripting/monoscript/fileName/AndroidManifestProcessor.cs: 7d2fa412ede7b0804737b410f6dcc6b5 -> d8dd4961c18e43fcd707eb950405363a
  custom:framework-osx-AVFoundation: e770b220cccbd017edd2c1fefb359320 -> 
  custom:scripting/monoscript/fileName/BuildHelpers.cs: 60689066956cb69bbd1112f8f936b371 -> 52ee9552b5cbbfe4eb60d480e36ffff5
  custom:scripting/monoscript/fileName/XRLoaderOrderUI.cs: 65b20182e989272b7e0439cd47eae80e -> 7bb0491ac9109774b097f2da80cd0c03
  custom:scripting/monoscript/fileName/AndroidManifestBuildEventReceiver.cs: ff26efb13f2d08f48a2b114836506036 -> 641c0bff5eb90d0569a809ea302132ee
  custom:video-encoder-webm-vp8: eb34c28f22e8b96e1ab97ce403110664 -> 
  custom:audio-decoder-ogg-vorbis: bf7c407c2cedff20999df2af8eb42d56 -> 
  custom:scripting/monoscript/fileName/IAndroidManifestRequirementProvider.cs: 4326cc96ab66e5fef3e5446bce878400 -> 42bf6f4b06629c812bd73f8ff461fec4
  custom:scripting/monoscript/fileName/EditorUtilities.cs: 01864f070e14f3584960ef5627cf9e55 -> 219d482e32bf0c01357e773617418955
  custom:scripting/monoscript/fileName/XRPackageInitialization.cs: 4687a00f1392b5bb00ca59be52d7c900 -> 1f095dd277a284b59543541a608de1da
  custom:scripting/monoscript/fileName/KnownPackages.cs: 2411540a6b80bde165035b9ffbb722ba -> 8647f39ea28525d7cb72646ed790f6ec
  custom:scripting/monoscript/fileName/XRConstants.cs: 1730138bf046fc0a6b2954c86c6d0041 -> 1558884a4b0ea94b4910dd640a0e6741
  custom:scripting/monoscript/fileName/XRManagementAnalytics.cs: bf117eef22dee001b4c5f21604af7845 -> 546181baf4c03dbbd57015a6731508f8
  custom:scripting/monoscript/fileName/XRPackage.cs: a7ee512db104827eeeec71c027c7f720 -> f2edbbf87f9b798abaf2a9f285d155f5
  custom:audio-encoder-webm-vorbis: bf7c407c2cedff20999df2af8eb42d56 -> 
  custom:scripting/monoscript/fileName/AndroidManifestDocument.cs: 79bccb01d12180ddefe7f6eacf2adb51 -> 47b2d5387fe80e2b28f68297243f4883
  custom:scripting/monoscript/fileName/XRPackageInitializationSettings.cs: 8fd1fa271763012401d1991ada19c70e -> 2f743437d3b09c9a4a5a33e9be971b1a
  custom:scripting/monoscript/fileName/XRPackageMetadata.cs: 4f8a12748efcdfd2878565fdb174a717 -> 16731333f575d8bc31df496aced36ebf
========================================================================
Received Prepare
Begin MonoManager ReloadAssembly
Thread 0x16d2f7000 may have been prematurely finalized
- Loaded All Assemblies, in  0.291 seconds
Refreshing native plugins compatible for Editor in 5.10 ms, found 11 plugins.
Native extension for Android target not found
Native extension for OSXStandalone target not found
Native extension for WebGL target not found
[Package Manager] Server::EnsureServerProcessIsRunning -- launch failed, reason: Unity was launched with the -noUpm command-line argument
[Package Manager] UpmClient::Send -- Unable to send message (not connected to UPM process).
[Package Manager] Cannot connect to Unity Package Manager local server
[Package Manager] Server::EnsureServerProcessIsRunning -- launch failed, reason: Unity was launched with the -noUpm command-line argument
[Package Manager] UpmClient::Send -- Unable to send message (not connected to UPM process).
[Package Manager] Cannot connect to Unity Package Manager local server
Mono: successfully reloaded assembly
[Package Manager] Server::EnsureServerProcessIsRunning -- launch failed, reason: Unity was launched with the -noUpm command-line argument
[Package Manager] UpmClient::Send -- Unable to send message (not connected to UPM process).
[Package Manager] Cannot connect to Unity Package Manager local server
- Finished resetting the current domain, in  0.927 seconds
Domain Reload Profiling: 1218ms
	BeginReloadAssembly (113ms)
		ExecutionOrderSort (0ms)
		DisableScriptedObjects (3ms)
		BackupInstance (0ms)
		ReleaseScriptingObjects (0ms)
		CreateAndSetChildDomain (52ms)
	RebuildCommonClasses (23ms)
	RebuildNativeTypeToScriptingClass (9ms)
	initialDomainReloadingComplete (14ms)
	LoadAllAssembliesAndSetupDomain (131ms)
		LoadAssemblies (147ms)
		RebuildTransferFunctionScriptingTraits (0ms)
		AnalyzeDomain (15ms)
			TypeCache.Refresh (7ms)
				TypeCache.ScanAssembly (0ms)
			ScanForSourceGeneratedMonoScriptInfo (0ms)
			ResolveRequiredComponents (7ms)
	FinalizeReload (927ms)
		ReleaseScriptCaches (0ms)
		RebuildScriptCaches (0ms)
		SetupLoadedEditorAssemblies (387ms)
			LogAssemblyErrors (0ms)
			InitializePlatformSupportModulesInManaged (15ms)
			SetLoadedEditorAssemblies (3ms)
			RefreshPlugins (0ms)
			BeforeProcessingInitializeOnLoad (47ms)
			ProcessInitializeOnLoadAttributes (298ms)
			ProcessInitializeOnLoadMethodAttributes (23ms)
			AfterProcessingInitializeOnLoad (1ms)
			EditorAssembliesLoaded (0ms)
		ExecutionOrderSort2 (0ms)
		AwakeInstancesAfterBackupRestoration (3ms)
Refreshing native plugins compatible for Editor in 5.43 ms, found 11 plugins.
Preloading 1 native plugins for Editor in 0.22 ms.
Unloading 4865 Unused Serialized files (Serialized files now loaded: 0)
Unloading 82 unused Assets / (1.6 MB). Loaded Objects now: 5376.
Memory consumption went from 243.6 MB to 242.0 MB.
Total: 4.250458 ms (FindLiveObjects: 0.168083 ms CreateObjectMapping: 0.068542 ms MarkObjects: 3.323334 ms  DeleteObjects: 0.689875 ms)

Prepare: number of updated asset objects reloaded= 0
AssetImportParameters requested are different than current active one (requested -> active):
  custom:container-demuxer-ogg: 62fdf1f143b41e24485cea50d1cbac27 -> 
  custom:video-decoder-ogg-theora: a1e56fd34408186e4bbccfd4996cb3dc -> 
  custom:scripting/monoscript/fileName/XRGeneralSettingsPerBuildTarget.cs: 16ff37e57a568e497be4f0712a9a33c4 -> 6970e5bff368910038049eb1434facbf
  custom:scripting/monoscript/fileName/XRLoaderInfo.cs: 818894a2d66a1c67db7c4797664322f2 -> 86fa513bfc04d58509db292069910bf2
  custom:scripting/monoscript/fileName/XRSettingsManager.cs: 43c3d777d0c8ebd09beeda0c7fff1e95 -> 701988ef3c16e84d3bc781477493ab34
  custom:scripting/monoscript/fileName/IXRLoaderPreInit.cs: 60a65812967a6a994d323fb4a3bc40d7 -> 4dbca4fbe4a89e2a18943694f414e3a9
  custom:scripting/monoscript/fileName/XRGeneralBuildProcessor.cs: 0efaf30eeb6ecccfafe5b7912a15e1e1 -> d52e14652f14fd6e56a66a859653fea9
  custom:scripting/monoscript/fileName/XRGeneralSettings.cs: d08d3d9bd0dc40127f8f3154525c3cb3 -> 01e68fef49e5cbf622bb7b4ffc622d89
  custom:scripting/monoscript/fileName/XRManagerEditor.cs: 7d85fed4b8ad462e9dbb09e8d2f0aac4 -> 6847a9ea85cd2d801d895b625e9590ff
  custom:scripting/monoscript/fileName/XRBuildProcessorHelper.cs: 8f6297df34271fdb1ce2d9607ec6261d -> 90647cc400823b41df847a6cbfc29026
  custom:scripting/monoscript/fileName/TypeLoaderExtensions.cs: 3d9383ab701f2e57f1a038529027b2d7 -> ee5d3b5e5d81c98c5d3594e8b9153df0
  custom:CustomObjectIndexerAttribute: 6d391050e5a25f67b0a2c618074f2cd9 -> 
  custom:scripting/monoscript/fileName/XRConfigurationProvider.cs: b6037a01878f8a392f51d1eb57a74c21 -> fa91ddd62be7b4c45bfd03890af30249
  custom:scripting/monoscript/fileName/ManifestElement.cs: e66d1acaa2995bff2851f10ea3cd7296 -> c30b57498d373b7476c4d7dfdaee189c
  custom:scripting/monoscript/fileName/XREditorWorkQueue.cs: dab5497c8483e158d471edc9c890b6df -> 8e928039a032f154dc8a86537aaac69a
  custom:scripting/monoscript/fileName/ManifestRequirement.cs: 55446fc1aea792d5bd58cd53891bbf28 -> d0237042ed94ccc3267a409cde8490a6
  custom:container-demuxer-webm: 4f35f7cbe854078d1ac9338744f61a02 -> 
  custom:scripting/monoscript/fileName/PackageNotificationUtils.cs: b122d810307522aba068b1ac06f7cf0f -> e493f521fc1755dec19875ae28a4f621
  custom:scripting/monoscript/fileName/XRPackageMetadataStore.cs: d9d78f910195bd2f088340a24a66c769 -> e06e5e9ffca9529e9db63900dd9caf32
  custom:scripting/monoscript/fileName/XRLoaderInfoManager.cs: 372bb785917be4037ad09602c4baf05a -> 28efaa63edac30b89ccc35ca2bf149fa
  custom:scripting/monoscript/fileName/XRConfigurationData.cs: 713f6b36380d0712ad8a9b08f19954ed -> 2cf07b13d54bfee2898ed6dc38612fbb
  custom:scripting/monoscript/fileName/XRManagerSettings.cs: 2ba91bbcf8d586faaa2b8e5422b0984f -> 39a1227fa3c478af29a735ec246b6baf
  custom:scripting/monoscript/fileName/XRLegacyUninstaller.cs: 5eab1913f4344c5c616ea18e03ba346f -> b85851af39f83959c5c298effbf32139
  custom:scripting/monoscript/fileName/XRCustomLoaderUIManager.cs: 177a81916dab61baa07e1ecf7d381d35 -> 4be5a8f671a1d808dd1496961b79b86b
  custom:container-muxer-webm: aa71ff27fc2769a1b78a27578f13a17b -> 
  custom:video-decoder-webm-vp8: 9c59270c3fd7afecdb556c50c9e8de78 -> 
  custom:SearchIndexIgnoredProperties: e643bd26f0fe6173181afceb89e7c659 -> 
  custom:scripting/monoscript/fileName/XRGeneralSettingsUpgrade.cs: 98c0aaec402c0674f97631d2b5f2a00f -> cc8d2e81204b3fd0e662cd38ef4a2d49
  custom:AudioImporter_EditorPlatform: 3918e3fc78b5a79bad01e8451be0beb8 -> 
  custom:scripting/monoscript/fileName/XRCustomLoaderUI.cs: 68887eacb86f7c8c452f082dde8bf048 -> a1b6225426bb5004db8b9d7388fe5771
  custom:scripting/monoscript/fileName/XRLoaderHelper.cs: e785a36687843ea6d40b3bb49d46a2ce -> ae85c4c4a11fcc1ed3393963333e400c
  custom:scripting/monoscript/fileName/XRLoader.cs: 8f1bb337f7721c83af550d3df06246de -> d82cec0b87bab7dffe74fb3651887ce3
  custom:scripting/monoscript/fileName/XRSupportedBuildTargetAttribute.cs: d075f5cdbd7f3fba5045a0f25f0a7974 -> f87a91ba911f6030453bea8d921b45d2
  custom:scripting/monoscript/fileName/AndroidManifestProcessor.cs: 7d2fa412ede7b0804737b410f6dcc6b5 -> d8dd4961c18e43fcd707eb950405363a
  custom:framework-osx-AVFoundation: e770b220cccbd017edd2c1fefb359320 -> 
  custom:scripting/monoscript/fileName/BuildHelpers.cs: 60689066956cb69bbd1112f8f936b371 -> 52ee9552b5cbbfe4eb60d480e36ffff5
  custom:scripting/monoscript/fileName/XRLoaderOrderUI.cs: 65b20182e989272b7e0439cd47eae80e -> 7bb0491ac9109774b097f2da80cd0c03
  custom:scripting/monoscript/fileName/AndroidManifestBuildEventReceiver.cs: ff26efb13f2d08f48a2b114836506036 -> 641c0bff5eb90d0569a809ea302132ee
  custom:video-encoder-webm-vp8: eb34c28f22e8b96e1ab97ce403110664 -> 
  custom:audio-decoder-ogg-vorbis: bf7c407c2cedff20999df2af8eb42d56 -> 
  custom:scripting/monoscript/fileName/IAndroidManifestRequirementProvider.cs: 4326cc96ab66e5fef3e5446bce878400 -> 42bf6f4b06629c812bd73f8ff461fec4
  custom:scripting/monoscript/fileName/EditorUtilities.cs: 01864f070e14f3584960ef5627cf9e55 -> 219d482e32bf0c01357e773617418955
  custom:scripting/monoscript/fileName/XRPackageInitialization.cs: 4687a00f1392b5bb00ca59be52d7c900 -> 1f095dd277a284b59543541a608de1da
  custom:scripting/monoscript/fileName/KnownPackages.cs: 2411540a6b80bde165035b9ffbb722ba -> 8647f39ea28525d7cb72646ed790f6ec
  custom:scripting/monoscript/fileName/XRConstants.cs: 1730138bf046fc0a6b2954c86c6d0041 -> 1558884a4b0ea94b4910dd640a0e6741
  custom:scripting/monoscript/fileName/XRManagementAnalytics.cs: bf117eef22dee001b4c5f21604af7845 -> 546181baf4c03dbbd57015a6731508f8
  custom:scripting/monoscript/fileName/XRPackage.cs: a7ee512db104827eeeec71c027c7f720 -> f2edbbf87f9b798abaf2a9f285d155f5
  custom:audio-encoder-webm-vorbis: bf7c407c2cedff20999df2af8eb42d56 -> 
  custom:scripting/monoscript/fileName/AndroidManifestDocument.cs: 79bccb01d12180ddefe7f6eacf2adb51 -> 47b2d5387fe80e2b28f68297243f4883
  custom:scripting/monoscript/fileName/XRPackageInitializationSettings.cs: 8fd1fa271763012401d1991ada19c70e -> 2f743437d3b09c9a4a5a33e9be971b1a
  custom:scripting/monoscript/fileName/XRPackageMetadata.cs: 4f8a12748efcdfd2878565fdb174a717 -> 16731333f575d8bc31df496aced36ebf
